::USER_SIMULATOR_WAKES::
::USER_SIMULATOR Random Node 386::
::USER_SIMULATOR Node Degree 6::
::USER_SIMULATOR Actions Generated: 2::
::USER_SIMULATOR Random Node 24493::
::USER_SIMULATOR Node Degree 1::
::USER_SIMULATOR Actions Generated: 0::
::USER_SIMULATOR Random Node 235::
::USER_SIMULATOR Node Degree 9::
::USER_SIMULATOR Actions Generated: 3::
::USER_SIMULATOR Random Node 17921::
::USER_SIMULATOR Node Degree 3::
::USER_SIMULATOR Actions Generated: 1::
::USER_SIMULATOR Random Node 627::
::USER_SIMULATOR Node Degree 6::
::USER_SIMULATOR Actions Generated: 2::
::USER_SIMULATOR Random Node 12063::
::USER_SIMULATOR Node Degree 2::
::USER_SIMULATOR Actions Generated: 1::
::USER_SIMULATOR Random Node 25840::
::USER_SIMULATOR Node Degree 3::
::USER_SIMULATOR Actions Generated: 1::
::PUSH_UPDATE Dequeue Node 386::
::PUSH_UPDATE Dequeue Node 386 Neighbour 9887::
::PUSH_UPDATE Dequeue Node 386 Neighbour 35106::
::PUSH_UPDATE Dequeue Node 386 Neighbour 15680::
::PUSH_UPDATE Dequeue Node 386 Neighbour 14528::
::PUSH_UPDATE Dequeue Node 386 Neighbour 9594::
::PUSH_UPDATE Dequeue Node 386 Neighbour 22134::
::PUSH_UPDATE Dequeue Node 386::
::PUSH_UPDATE Dequeue Node 386 Neighbour 9887::
::PUSH_UPDATE Dequeue Node 386 Neighbour 35106::
::PUSH_UPDATE Dequeue Node 386 Neighbour 15680::
::PUSH_UPDATE Dequeue Node 386 Neighbour 14528::
::PUSH_UPDATE Dequeue Node 386 Neighbour 9594::
::PUSH_UPDATE Dequeue Node 386 Neighbour 22134::
::PUSH_UPDATE Dequeue Node 235::
::PUSH_UPDATE Dequeue Node 235 Neighbour 8061::
::PUSH_UPDATE Dequeue Node 235 Neighbour 15994::
::PUSH_UPDATE Dequeue Node 235 Neighbour 25582::
::PUSH_UPDATE Dequeue Node 235 Neighbour 20339::
::PUSH_UPDATE Dequeue Node 235 Neighbour 35708::
::PUSH_UPDATE Dequeue Node 235 Neighbour 35075::
::PUSH_UPDATE Dequeue Node 235 Neighbour 2347::
::PUSH_UPDATE Dequeue Node 235 Neighbour 31890::
::PUSH_UPDATE Dequeue Node 235 Neighbour 36652::
::PUSH_UPDATE Dequeue Node 235::
::PUSH_UPDATE Dequeue Node 235 Neighbour 8061::
::PUSH_UPDATE Dequeue Node 235 Neighbour 15994::
::PUSH_UPDATE Dequeue Node 235 Neighbour 25582::
::PUSH_UPDATE Dequeue Node 235 Neighbour 20339::
::PUSH_UPDATE Dequeue Node 235 Neighbour 35708::
::PUSH_UPDATE Dequeue Node 235 Neighbour 35075::
::PUSH_UPDATE Dequeue Node 235 Neighbour 2347::
::PUSH_UPDATE Dequeue Node 235 Neighbour 31890::
::PUSH_UPDATE Dequeue Node 235 Neighbour 36652::
::PUSH_UPDATE Dequeue Node 235::
::PUSH_UPDATE Dequeue Node 235 Neighbour 8061::
::PUSH_UPDATE Dequeue Node 235 Neighbour 15994::
::PUSH_UPDATE Dequeue Node 235 Neighbour 25582::
::PUSH_UPDATE Dequeue Node 235 Neighbour 20339::
::PUSH_UPDATE Dequeue Node 235 Neighbour 35708::
::PUSH_UPDATE Dequeue Node 235 Neighbour 35075::
::PUSH_UPDATE Dequeue Node 235 Neighbour 2347::
::PUSH_UPDATE Dequeue Node 235 Neighbour 31890::
::PUSH_UPDATE Dequeue Node 235 Neighbour 36652::
::PUSH_UPDATE Dequeue Node 17921::
::PUSH_UPDATE Dequeue Node 17921 Neighbour 4088::
::PUSH_UPDATE Dequeue Node 17921 Neighbour 28957::
::PUSH_UPDATE Dequeue Node 17921 Neighbour 23523::
::PUSH_UPDATE Dequeue Node 627::
::PUSH_UPDATE Dequeue Node 627 Neighbour 5258::
::PUSH_UPDATE Dequeue Node 627 Neighbour 10918::
::PUSH_UPDATE Dequeue Node 627 Neighbour 10993::
::PUSH_UPDATE Dequeue Node 627 Neighbour 36071::
::PUSH_UPDATE Dequeue Node 627 Neighbour 17584::
::PUSH_UPDATE Dequeue Node 627 Neighbour 5550::
::PUSH_UPDATE Dequeue Node 627::
::PUSH_UPDATE Dequeue Node 627 Neighbour 5258::
::PUSH_UPDATE Dequeue Node 627 Neighbour 10918::
::PUSH_UPDATE Dequeue Node 627 Neighbour 10993::
::PUSH_UPDATE Dequeue Node 627 Neighbour 36071::
::PUSH_UPDATE Dequeue Node 627 Neighbour 17584::
::PUSH_UPDATE Dequeue Node 627 Neighbour 5550::
::PUSH_UPDATE Dequeue Node 12063::
::PUSH_UPDATE Dequeue Node 12063 Neighbour 3352::
::PUSH_UPDATE Dequeue Node 12063 Neighbour 35773::
::PUSH_UPDATE Dequeue Node 25840::
::PUSH_UPDATE Dequeue Node 25840 Neighbour 27803::
::PUSH_UPDATE Dequeue Node 25840 Neighbour 6533::
::PUSH_UPDATE Dequeue Node 25840 Neighbour 35821::
::USER_SIMULATOR Random Node 972::
::USER_SIMULATOR Node Degree 29::
::USER_SIMULATOR Actions Generated: 4::
::USER_SIMULATOR Random Node 32529::
::USER_SIMULATOR Node Degree 7::
::USER_SIMULATOR Actions Generated: 2::
::PUSH_UPDATE Dequeue Node 972::
::PUSH_UPDATE Dequeue Node 972 Neighbour 9981::
::PUSH_UPDATE Dequeue Node 972 Neighbour 20978::
::PUSH_UPDATE Dequeue Node 972 Neighbour 31681::
::USER_SIMULATOR Random Node 6762::
::USER_SIMULATOR Node Degree 4::
::USER_SIMULATOR Actions Generated: 2::
::PUSH_UPDATE Dequeue Node 972 Neighbour 22642::
::PUSH_UPDATE Dequeue Node 972 Neighbour 15875::
::PUSH_UPDATE Dequeue Node 972 Neighbour 21376::
::PUSH_UPDATE Dequeue Node 972 Neighbour 9761::
::PUSH_UPDATE Dequeue Node 972 Neighbour 21087::
::PUSH_UPDATE Dequeue Node 972 Neighbour 1164::
::PUSH_UPDATE Dequeue Node 972 Neighbour 27828::
::PUSH_UPDATE Dequeue Node 972 Neighbour 32202::
::PUSH_UPDATE Dequeue Node 972 Neighbour 31890::
::PUSH_UPDATE Dequeue Node 972 Neighbour 8625::
::USER_SIMULATOR Random Node 16735::
::USER_SIMULATOR Node Degree 4::
::USER_SIMULATOR Actions Generated: 2::
::PUSH_UPDATE Dequeue Node 972 Neighbour 32149::
::PUSH_UPDATE Dequeue Node 972 Neighbour 11637::
::PUSH_UPDATE Dequeue Node 972 Neighbour 22669::
::PUSH_UPDATE Dequeue Node 972 Neighbour 8167::
::PUSH_UPDATE Dequeue Node 972 Neighbour 14894::
::PUSH_UPDATE Dequeue Node 972 Neighbour 31518::
::PUSH_UPDATE Dequeue Node 972 Neighbour 16098::
::PUSH_UPDATE Dequeue Node 972 Neighbour 28290::
::PUSH_UPDATE Dequeue Node 972 Neighbour 14400::
::PUSH_UPDATE Dequeue Node 972 Neighbour 35388::
::PUSH_UPDATE Dequeue Node 972 Neighbour 24837::
::PUSH_UPDATE Dequeue Node 972 Neighbour 11279::
::PUSH_UPDATE Dequeue Node 972 Neighbour 34840::
::PUSH_UPDATE Dequeue Node 972 Neighbour 31988::
::PUSH_UPDATE Dequeue Node 972 Neighbour 31126::
::PUSH_UPDATE Dequeue Node 972 Neighbour 7462::
::PUSH_UPDATE Dequeue Node 972::
::PUSH_UPDATE Dequeue Node 972 Neighbour 9981::
::PUSH_UPDATE Dequeue Node 972 Neighbour 20978::
::PUSH_UPDATE Dequeue Node 972 Neighbour 31681::
::PUSH_UPDATE Dequeue Node 972 Neighbour 22642::
::PUSH_UPDATE Dequeue Node 972 Neighbour 15875::
::PUSH_UPDATE Dequeue Node 972 Neighbour 21376::
::PUSH_UPDATE Dequeue Node 972 Neighbour 9761::
::PUSH_UPDATE Dequeue Node 972 Neighbour 21087::
::PUSH_UPDATE Dequeue Node 972 Neighbour 1164::
::PUSH_UPDATE Dequeue Node 972 Neighbour 27828::
::PUSH_UPDATE Dequeue Node 972 Neighbour 32202::
::PUSH_UPDATE Dequeue Node 972 Neighbour 31890::
::PUSH_UPDATE Dequeue Node 972 Neighbour 8625::
::PUSH_UPDATE Dequeue Node 972 Neighbour 32149::
::PUSH_UPDATE Dequeue Node 972 Neighbour 11637::
::PUSH_UPDATE Dequeue Node 972 Neighbour 22669::
::PUSH_UPDATE Dequeue Node 972 Neighbour 8167::
::PUSH_UPDATE Dequeue Node 972 Neighbour 14894::
::PUSH_UPDATE Dequeue Node 972 Neighbour 31518::
::PUSH_UPDATE Dequeue Node 972 Neighbour 16098::
::PUSH_UPDATE Dequeue Node 972 Neighbour 28290::
::PUSH_UPDATE Dequeue Node 972 Neighbour 14400::
::PUSH_UPDATE Dequeue Node 972 Neighbour 35388::
::PUSH_UPDATE Dequeue Node 972 Neighbour 24837::
::PUSH_UPDATE Dequeue Node 972 Neighbour 11279::
::PUSH_UPDATE Dequeue Node 972 Neighbour 34840::
::PUSH_UPDATE Dequeue Node 972 Neighbour 31988::
::PUSH_UPDATE Dequeue Node 972 Neighbour 31126::
::PUSH_UPDATE Dequeue Node 972 Neighbour 7462::
::PUSH_UPDATE Dequeue Node 972::
::PUSH_UPDATE Dequeue Node 972 Neighbour 9981::
::PUSH_UPDATE Dequeue Node 972 Neighbour 20978::
::PUSH_UPDATE Dequeue Node 972 Neighbour 31681::
::PUSH_UPDATE Dequeue Node 972 Neighbour 22642::
::PUSH_UPDATE Dequeue Node 972 Neighbour 15875::
::PUSH_UPDATE Dequeue Node 972 Neighbour 21376::
::PUSH_UPDATE Dequeue Node 972 Neighbour 9761::
::PUSH_UPDATE Dequeue Node 972 Neighbour 21087::
::PUSH_UPDATE Dequeue Node 972 Neighbour 1164::
::PUSH_UPDATE Dequeue Node 972 Neighbour 27828::
::PUSH_UPDATE Dequeue Node 972 Neighbour 32202::
::PUSH_UPDATE Dequeue Node 972 Neighbour 31890::
::PUSH_UPDATE Dequeue Node 972 Neighbour 8625::
::PUSH_UPDATE Dequeue Node 972 Neighbour 32149::
::PUSH_UPDATE Dequeue Node 972 Neighbour 11637::
::PUSH_UPDATE Dequeue Node 972 Neighbour 22669::
::PUSH_UPDATE Dequeue Node 972 Neighbour 8167::
::PUSH_UPDATE Dequeue Node 972 Neighbour 14894::
::PUSH_UPDATE Dequeue Node 972 Neighbour 31518::
::PUSH_UPDATE Dequeue Node 972 Neighbour 16098::
::PUSH_UPDATE Dequeue Node 972 Neighbour 28290::
::PUSH_UPDATE Dequeue Node 972 Neighbour 14400::
::PUSH_UPDATE Dequeue Node 972 Neighbour 35388::
::PUSH_UPDATE Dequeue Node 972 Neighbour 24837::
::PUSH_UPDATE Dequeue Node 972 Neighbour 11279::
::PUSH_UPDATE Dequeue Node 972 Neighbour 34840::
::PUSH_UPDATE Dequeue Node 972 Neighbour 31988::
::PUSH_UPDATE Dequeue Node 972 Neighbour 31126::
::PUSH_UPDATE Dequeue Node 972 Neighbour 7462::
::PUSH_UPDATE Dequeue Node 972::
::PUSH_UPDATE Dequeue Node 972 Neighbour 9981::
::PUSH_UPDATE Dequeue Node 972 Neighbour 20978::
::PUSH_UPDATE Dequeue Node 972 Neighbour 31681::
::PUSH_UPDATE Dequeue Node 972 Neighbour 22642::
::PUSH_UPDATE Dequeue Node 972 Neighbour 15875::
::PUSH_UPDATE Dequeue Node 972 Neighbour 21376::
::PUSH_UPDATE Dequeue Node 972 Neighbour 9761::
::PUSH_UPDATE Dequeue Node 972 Neighbour 21087::
::PUSH_UPDATE Dequeue Node 972 Neighbour 1164::
::PUSH_UPDATE Dequeue Node 972 Neighbour 27828::
::PUSH_UPDATE Dequeue Node 972 Neighbour 32202::
::PUSH_UPDATE Dequeue Node 972 Neighbour 31890::
::PUSH_UPDATE Dequeue Node 972 Neighbour 8625::
::PUSH_UPDATE Dequeue Node 972 Neighbour 32149::
::PUSH_UPDATE Dequeue Node 972 Neighbour 11637::
::PUSH_UPDATE Dequeue Node 972 Neighbour 22669::
::PUSH_UPDATE Dequeue Node 972 Neighbour 8167::
::PUSH_UPDATE Dequeue Node 972 Neighbour 14894::
::PUSH_UPDATE Dequeue Node 972 Neighbour 31518::
::PUSH_UPDATE Dequeue Node 972 Neighbour 16098::
::PUSH_UPDATE Dequeue Node 972 Neighbour 28290::
::PUSH_UPDATE Dequeue Node 972 Neighbour 14400::
::PUSH_UPDATE Dequeue Node 972 Neighbour 35388::
::PUSH_UPDATE Dequeue Node 972 Neighbour 24837::
::PUSH_UPDATE Dequeue Node 972 Neighbour 11279::
::PUSH_UPDATE Dequeue Node 972 Neighbour 34840::
::PUSH_UPDATE Dequeue Node 972 Neighbour 31988::
::PUSH_UPDATE Dequeue Node 972 Neighbour 31126::
::PUSH_UPDATE Dequeue Node 972 Neighbour 7462::
::PUSH_UPDATE Dequeue Node 32529::
::PUSH_UPDATE Dequeue Node 32529 Neighbour 11789::
::PUSH_UPDATE Dequeue Node 32529 Neighbour 19222::
::PUSH_UPDATE Dequeue Node 32529 Neighbour 35773::
::PUSH_UPDATE Dequeue Node 32529 Neighbour 31890::
::PUSH_UPDATE Dequeue Node 32529 Neighbour 29827::
::PUSH_UPDATE Dequeue Node 32529 Neighbour 31917::
::PUSH_UPDATE Dequeue Node 32529 Neighbour 16119::
::PUSH_UPDATE Dequeue Node 32529::
::PUSH_UPDATE Dequeue Node 32529 Neighbour 11789::
::PUSH_UPDATE Dequeue Node 32529 Neighbour 19222::
::PUSH_UPDATE Dequeue Node 32529 Neighbour 35773::
::PUSH_UPDATE Dequeue Node 32529 Neighbour 31890::
::PUSH_UPDATE Dequeue Node 32529 Neighbour 29827::
::PUSH_UPDATE Dequeue Node 32529 Neighbour 31917::
::PUSH_UPDATE Dequeue Node 32529 Neighbour 16119::
::PUSH_UPDATE Dequeue Node 6762::
::PUSH_UPDATE Dequeue Node 6762 Neighbour 23589::
::PUSH_UPDATE Dequeue Node 6762 Neighbour 31890::
::PUSH_UPDATE Dequeue Node 6762 Neighbour 30570::
::PUSH_UPDATE Dequeue Node 6762 Neighbour 29602::
::PUSH_UPDATE Dequeue Node 6762::
::PUSH_UPDATE Dequeue Node 6762 Neighbour 23589::
::PUSH_UPDATE Dequeue Node 6762 Neighbour 31890::
::PUSH_UPDATE Dequeue Node 6762 Neighbour 30570::
::PUSH_UPDATE Dequeue Node 6762 Neighbour 29602::
::PUSH_UPDATE Dequeue Node 16735::
::PUSH_UPDATE Dequeue Node 16735 Neighbour 10706::
::PUSH_UPDATE Dequeue Node 16735 Neighbour 21812::
::PUSH_UPDATE Dequeue Node 16735 Neighbour 18742::
::PUSH_UPDATE Dequeue Node 16735 Neighbour 36652::
::PUSH_UPDATE Dequeue Node 16735::
::PUSH_UPDATE Dequeue Node 16735 Neighbour 10706::
::PUSH_UPDATE Dequeue Node 16735 Neighbour 21812::
::PUSH_UPDATE Dequeue Node 16735 Neighbour 18742::
::PUSH_UPDATE Dequeue Node 16735 Neighbour 36652::
::USER_SIMULATOR Random Node 17122::
::USER_SIMULATOR Node Degree 40::
::USER_SIMULATOR Actions Generated: 5::
::PUSH_UPDATE Dequeue Node 17122::
::PUSH_UPDATE Dequeue Node 17122 Neighbour 333::
::PUSH_UPDATE Dequeue Node 17122 Neighbour 1223::
::PUSH_UPDATE Dequeue Node 17122 Neighbour 2263::
::PUSH_UPDATE Dequeue Node 17122 Neighbour 3275::
::PUSH_UPDATE Dequeue Node 17122 Neighbour 3546::
::PUSH_UPDATE Dequeue Node 17122 Neighbour 4368::
::PUSH_UPDATE Dequeue Node 17122 Neighbour 4377::
::PUSH_UPDATE Dequeue Node 17122 Neighbour 4622::
::PUSH_UPDATE Dequeue Node 17122 Neighbour 2803::
::PUSH_UPDATE Dequeue Node 17122 Neighbour 8328::
::PUSH_UPDATE Dequeue Node 17122 Neighbour 9496::
::PUSH_UPDATE Dequeue Node 17122 Neighbour 11051::
::PUSH_UPDATE Dequeue Node 17122 Neighbour 11534::
::PUSH_UPDATE Dequeue Node 17122 Neighbour 11955::
::PUSH_UPDATE Dequeue Node 17122 Neighbour 33350::
::PUSH_UPDATE Dequeue Node 17122 Neighbour 12495::
::PUSH_UPDATE Dequeue Node 17122 Neighbour 14165::
::PUSH_UPDATE Dequeue Node 17122 Neighbour 15241::
::PUSH_UPDATE Dequeue Node 17122 Neighbour 15244::
::PUSH_UPDATE Dequeue Node 17122 Neighbour 15321::
::PUSH_UPDATE Dequeue Node 17122 Neighbour 26007::
::PUSH_UPDATE Dequeue Node 17122 Neighbour 30594::
::PUSH_UPDATE Dequeue Node 17122 Neighbour 35773::
::PUSH_UPDATE Dequeue Node 17122 Neighbour 22666::
::PUSH_UPDATE Dequeue Node 17122 Neighbour 30217::
::PUSH_UPDATE Dequeue Node 17122 Neighbour 25322::
::PUSH_UPDATE Dequeue Node 17122 Neighbour 20984::
::PUSH_UPDATE Dequeue Node 17122 Neighbour 353::
::PUSH_UPDATE Dequeue Node 17122 Neighbour 20047::
::PUSH_UPDATE Dequeue Node 17122 Neighbour 36008::
::PUSH_UPDATE Dequeue Node 17122 Neighbour 28426::
::PUSH_UPDATE Dequeue Node 17122 Neighbour 36652::
::PUSH_UPDATE Dequeue Node 17122 Neighbour 22343::
::PUSH_UPDATE Dequeue Node 17122 Neighbour 3712::
::PUSH_UPDATE Dequeue Node 17122 Neighbour 22771::
::PUSH_UPDATE Dequeue Node 17122 Neighbour 27302::
::PUSH_UPDATE Dequeue Node 17122 Neighbour 26196::
::PUSH_UPDATE Dequeue Node 17122 Neighbour 34720::
::PUSH_UPDATE Dequeue Node 17122 Neighbour 22539::
::PUSH_UPDATE Dequeue Node 17122 Neighbour 24463::
::PUSH_UPDATE Dequeue Node 17122::
::PUSH_UPDATE Dequeue Node 17122 Neighbour 333::
::PUSH_UPDATE Dequeue Node 17122 Neighbour 1223::
::PUSH_UPDATE Dequeue Node 17122 Neighbour 2263::
::PUSH_UPDATE Dequeue Node 17122 Neighbour 3275::
::PUSH_UPDATE Dequeue Node 17122 Neighbour 3546::
::PUSH_UPDATE Dequeue Node 17122 Neighbour 4368::
::PUSH_UPDATE Dequeue Node 17122 Neighbour 4377::
::PUSH_UPDATE Dequeue Node 17122 Neighbour 4622::
::PUSH_UPDATE Dequeue Node 17122 Neighbour 2803::
::PUSH_UPDATE Dequeue Node 17122 Neighbour 8328::
::PUSH_UPDATE Dequeue Node 17122 Neighbour 9496::
::PUSH_UPDATE Dequeue Node 17122 Neighbour 11051::
::PUSH_UPDATE Dequeue Node 17122 Neighbour 11534::
::PUSH_UPDATE Dequeue Node 17122 Neighbour 11955::
::PUSH_UPDATE Dequeue Node 17122 Neighbour 33350::
::PUSH_UPDATE Dequeue Node 17122 Neighbour 12495::
::PUSH_UPDATE Dequeue Node 17122 Neighbour 14165::
::PUSH_UPDATE Dequeue Node 17122 Neighbour 15241::
::PUSH_UPDATE Dequeue Node 17122 Neighbour 15244::
::PUSH_UPDATE Dequeue Node 17122 Neighbour 15321::
::PUSH_UPDATE Dequeue Node 17122 Neighbour 26007::
::PUSH_UPDATE Dequeue Node 17122 Neighbour 30594::
::PUSH_UPDATE Dequeue Node 17122 Neighbour 35773::
::PUSH_UPDATE Dequeue Node 17122 Neighbour 22666::
::PUSH_UPDATE Dequeue Node 17122 Neighbour 30217::
::PUSH_UPDATE Dequeue Node 17122 Neighbour 25322::
::PUSH_UPDATE Dequeue Node 17122 Neighbour 20984::
::PUSH_UPDATE Dequeue Node 17122 Neighbour 353::
::PUSH_UPDATE Dequeue Node 17122 Neighbour 20047::
::PUSH_UPDATE Dequeue Node 17122 Neighbour 36008::
::PUSH_UPDATE Dequeue Node 17122 Neighbour 28426::
::PUSH_UPDATE Dequeue Node 17122 Neighbour 36652::
::PUSH_UPDATE Dequeue Node 17122 Neighbour 22343::
::PUSH_UPDATE Dequeue Node 17122 Neighbour 3712::
::PUSH_UPDATE Dequeue Node 17122 Neighbour 22771::
::PUSH_UPDATE Dequeue Node 17122 Neighbour 27302::
::PUSH_UPDATE Dequeue Node 17122 Neighbour 26196::
::PUSH_UPDATE Dequeue Node 17122 Neighbour 34720::
::PUSH_UPDATE Dequeue Node 17122 Neighbour 22539::
::PUSH_UPDATE Dequeue Node 17122 Neighbour 24463::
::PUSH_UPDATE Dequeue Node 17122::
::PUSH_UPDATE Dequeue Node 17122 Neighbour 333::
::PUSH_UPDATE Dequeue Node 17122 Neighbour 1223::
::PUSH_UPDATE Dequeue Node 17122 Neighbour 2263::
::PUSH_UPDATE Dequeue Node 17122 Neighbour 3275::
::PUSH_UPDATE Dequeue Node 17122 Neighbour 3546::
::PUSH_UPDATE Dequeue Node 17122 Neighbour 4368::
::PUSH_UPDATE Dequeue Node 17122 Neighbour 4377::
::PUSH_UPDATE Dequeue Node 17122 Neighbour 4622::
::PUSH_UPDATE Dequeue Node 17122 Neighbour 2803::
::PUSH_UPDATE Dequeue Node 17122 Neighbour 8328::
::PUSH_UPDATE Dequeue Node 17122 Neighbour 9496::
::PUSH_UPDATE Dequeue Node 17122 Neighbour 11051::
::PUSH_UPDATE Dequeue Node 17122 Neighbour 11534::
::PUSH_UPDATE Dequeue Node 17122 Neighbour 11955::
::PUSH_UPDATE Dequeue Node 17122 Neighbour 33350::
::PUSH_UPDATE Dequeue Node 17122 Neighbour 12495::
::PUSH_UPDATE Dequeue Node 17122 Neighbour 14165::
::PUSH_UPDATE Dequeue Node 17122 Neighbour 15241::
::PUSH_UPDATE Dequeue Node 17122 Neighbour 15244::
::PUSH_UPDATE Dequeue Node 17122 Neighbour 15321::
::PUSH_UPDATE Dequeue Node 17122 Neighbour 26007::
::PUSH_UPDATE Dequeue Node 17122 Neighbour 30594::
::PUSH_UPDATE Dequeue Node 17122 Neighbour 35773::
::PUSH_UPDATE Dequeue Node 17122 Neighbour 22666::
::PUSH_UPDATE Dequeue Node 17122 Neighbour 30217::
::PUSH_UPDATE Dequeue Node 17122 Neighbour 25322::
::PUSH_UPDATE Dequeue Node 17122 Neighbour 20984::
::PUSH_UPDATE Dequeue Node 17122 Neighbour 353::
::PUSH_UPDATE Dequeue Node 17122 Neighbour 20047::
::PUSH_UPDATE Dequeue Node 17122 Neighbour 36008::
::PUSH_UPDATE Dequeue Node 17122 Neighbour 28426::
::PUSH_UPDATE Dequeue Node 17122 Neighbour 36652::
::PUSH_UPDATE Dequeue Node 17122 Neighbour 22343::
::PUSH_UPDATE Dequeue Node 17122 Neighbour 3712::
::PUSH_UPDATE Dequeue Node 17122 Neighbour 22771::
::PUSH_UPDATE Dequeue Node 17122 Neighbour 27302::
::PUSH_UPDATE Dequeue Node 17122 Neighbour 26196::
::PUSH_UPDATE Dequeue Node 17122 Neighbour 34720::
::PUSH_UPDATE Dequeue Node 17122 Neighbour 22539::
::PUSH_UPDATE Dequeue Node 17122 Neighbour 24463::
::PUSH_UPDATE Dequeue Node 17122::
::PUSH_UPDATE Dequeue Node 17122 Neighbour 333::
::PUSH_UPDATE Dequeue Node 17122 Neighbour 1223::
::PUSH_UPDATE Dequeue Node 17122 Neighbour 2263::
::PUSH_UPDATE Dequeue Node 17122 Neighbour 3275::
::PUSH_UPDATE Dequeue Node 17122 Neighbour 3546::
::PUSH_UPDATE Dequeue Node 17122 Neighbour 4368::
::PUSH_UPDATE Dequeue Node 17122 Neighbour 4377::
::PUSH_UPDATE Dequeue Node 17122 Neighbour 4622::
::PUSH_UPDATE Dequeue Node 17122 Neighbour 2803::
::PUSH_UPDATE Dequeue Node 17122 Neighbour 8328::
::PUSH_UPDATE Dequeue Node 17122 Neighbour 9496::
::PUSH_UPDATE Dequeue Node 17122 Neighbour 11051::
::PUSH_UPDATE Dequeue Node 17122 Neighbour 11534::
::PUSH_UPDATE Dequeue Node 17122 Neighbour 11955::
::PUSH_UPDATE Dequeue Node 17122 Neighbour 33350::
::PUSH_UPDATE Dequeue Node 17122 Neighbour 12495::
::PUSH_UPDATE Dequeue Node 17122 Neighbour 14165::
::PUSH_UPDATE Dequeue Node 17122 Neighbour 15241::
::PUSH_UPDATE Dequeue Node 17122 Neighbour 15244::
::PUSH_UPDATE Dequeue Node 17122 Neighbour 15321::
::PUSH_UPDATE Dequeue Node 17122 Neighbour 26007::
::PUSH_UPDATE Dequeue Node 17122 Neighbour 30594::
::PUSH_UPDATE Dequeue Node 17122 Neighbour 35773::
::PUSH_UPDATE Dequeue Node 17122 Neighbour 22666::
::PUSH_UPDATE Dequeue Node 17122 Neighbour 30217::
::PUSH_UPDATE Dequeue Node 17122 Neighbour 25322::
::PUSH_UPDATE Dequeue Node 17122 Neighbour 20984::
::PUSH_UPDATE Dequeue Node 17122 Neighbour 353::
::PUSH_UPDATE Dequeue Node 17122 Neighbour 20047::
::PUSH_UPDATE Dequeue Node 17122 Neighbour 36008::
::PUSH_UPDATE Dequeue Node 17122 Neighbour 28426::
::PUSH_UPDATE Dequeue Node 17122 Neighbour 36652::
::PUSH_UPDATE Dequeue Node 17122 Neighbour 22343::
::PUSH_UPDATE Dequeue Node 17122 Neighbour 3712::
::PUSH_UPDATE Dequeue Node 17122 Neighbour 22771::
::PUSH_UPDATE Dequeue Node 17122 Neighbour 27302::
::PUSH_UPDATE Dequeue Node 17122 Neighbour 26196::
::PUSH_UPDATE Dequeue Node 17122 Neighbour 34720::
::PUSH_UPDATE Dequeue Node 17122 Neighbour 22539::
::PUSH_UPDATE Dequeue Node 17122 Neighbour 24463::
::PUSH_UPDATE Dequeue Node 17122::
::PUSH_UPDATE Dequeue Node 17122 Neighbour 333::
::PUSH_UPDATE Dequeue Node 17122 Neighbour 1223::
::PUSH_UPDATE Dequeue Node 17122 Neighbour 2263::
::PUSH_UPDATE Dequeue Node 17122 Neighbour 3275::
::PUSH_UPDATE Dequeue Node 17122 Neighbour 3546::
::PUSH_UPDATE Dequeue Node 17122 Neighbour 4368::
::PUSH_UPDATE Dequeue Node 17122 Neighbour 4377::
::PUSH_UPDATE Dequeue Node 17122 Neighbour 4622::
::PUSH_UPDATE Dequeue Node 17122 Neighbour 2803::
::PUSH_UPDATE Dequeue Node 17122 Neighbour 8328::
::PUSH_UPDATE Dequeue Node 17122 Neighbour 9496::
::PUSH_UPDATE Dequeue Node 17122 Neighbour 11051::
::PUSH_UPDATE Dequeue Node 17122 Neighbour 11534::
::PUSH_UPDATE Dequeue Node 17122 Neighbour 11955::
::PUSH_UPDATE Dequeue Node 17122 Neighbour 33350::
::PUSH_UPDATE Dequeue Node 17122 Neighbour 12495::
::PUSH_UPDATE Dequeue Node 17122 Neighbour 14165::
::PUSH_UPDATE Dequeue Node 17122 Neighbour 15241::
::PUSH_UPDATE Dequeue Node 17122 Neighbour 15244::
::PUSH_UPDATE Dequeue Node 17122 Neighbour 15321::
::PUSH_UPDATE Dequeue Node 17122 Neighbour 26007::
::PUSH_UPDATE Dequeue Node 17122 Neighbour 30594::
::PUSH_UPDATE Dequeue Node 17122 Neighbour 35773::
::PUSH_UPDATE Dequeue Node 17122 Neighbour 22666::
::PUSH_UPDATE Dequeue Node 17122 Neighbour 30217::
::PUSH_UPDATE Dequeue Node 17122 Neighbour 25322::
::PUSH_UPDATE Dequeue Node 17122 Neighbour 20984::
::PUSH_UPDATE Dequeue Node 17122 Neighbour 353::
::PUSH_UPDATE Dequeue Node 17122 Neighbour 20047::
::PUSH_UPDATE Dequeue Node 17122 Neighbour 36008::
::PUSH_UPDATE Dequeue Node 17122 Neighbour 28426::
::PUSH_UPDATE Dequeue Node 17122 Neighbour 36652::
::PUSH_UPDATE Dequeue Node 17122 Neighbour 22343::
::PUSH_UPDATE Dequeue Node 17122 Neighbour 3712::
::PUSH_UPDATE Dequeue Node 17122 Neighbour 22771::
::PUSH_UPDATE Dequeue Node 17122 Neighbour 27302::
::PUSH_UPDATE Dequeue Node 17122 Neighbour 26196::
::PUSH_UPDATE Dequeue Node 17122 Neighbour 34720::
::PUSH_UPDATE Dequeue Node 17122 Neighbour 22539::
::PUSH_UPDATE Dequeue Node 17122 Neighbour 24463::
::USER_SIMULATOR Random Node 17611::
::USER_SIMULATOR Node Degree 11::
::USER_SIMULATOR Actions Generated: 3::
::PUSH_UPDATE Dequeue Node 17611::
::PUSH_UPDATE Dequeue Node 17611 Neighbour 1206::
::PUSH_UPDATE Dequeue Node 17611 Neighbour 1767::
::PUSH_UPDATE Dequeue Node 17611 Neighbour 3491::
::PUSH_UPDATE Dequeue Node 17611 Neighbour 6077::
::PUSH_UPDATE Dequeue Node 17611 Neighbour 9957::
::PUSH_UPDATE Dequeue Node 17611 Neighbour 10074::
::PUSH_UPDATE Dequeue Node 17611 Neighbour 15737::
::PUSH_UPDATE Dequeue Node 17611 Neighbour 17954::
::PUSH_UPDATE Dequeue Node 17611 Neighbour 23836::
::PUSH_UPDATE Dequeue Node 17611 Neighbour 13872::
::PUSH_UPDATE Dequeue Node 17611 Neighbour 10154::
::PUSH_UPDATE Dequeue Node 17611::
::PUSH_UPDATE Dequeue Node 17611 Neighbour 1206::
::PUSH_UPDATE Dequeue Node 17611 Neighbour 1767::
::PUSH_UPDATE Dequeue Node 17611 Neighbour 3491::
::PUSH_UPDATE Dequeue Node 17611 Neighbour 6077::
::PUSH_UPDATE Dequeue Node 17611 Neighbour 9957::
::PUSH_UPDATE Dequeue Node 17611 Neighbour 10074::
::PUSH_UPDATE Dequeue Node 17611 Neighbour 15737::
::PUSH_UPDATE Dequeue Node 17611 Neighbour 17954::
::PUSH_UPDATE Dequeue Node 17611 Neighbour 23836::
::PUSH_UPDATE Dequeue Node 17611 Neighbour 13872::
::PUSH_UPDATE Dequeue Node 17611 Neighbour 10154::
::PUSH_UPDATE Dequeue Node 17611::
::PUSH_UPDATE Dequeue Node 17611 Neighbour 1206::
::PUSH_UPDATE Dequeue Node 17611 Neighbour 1767::
::PUSH_UPDATE Dequeue Node 17611 Neighbour 3491::
::PUSH_UPDATE Dequeue Node 17611 Neighbour 6077::
::PUSH_UPDATE Dequeue Node 17611 Neighbour 9957::
::PUSH_UPDATE Dequeue Node 17611 Neighbour 10074::
::PUSH_UPDATE Dequeue Node 17611 Neighbour 15737::
::PUSH_UPDATE Dequeue Node 17611 Neighbour 17954::
::PUSH_UPDATE Dequeue Node 17611 Neighbour 23836::
::PUSH_UPDATE Dequeue Node 17611 Neighbour 13872::
::PUSH_UPDATE Dequeue Node 17611 Neighbour 10154::
::USER_SIMULATOR Random Node 37521::
::USER_SIMULATOR Node Degree 26::
::USER_SIMULATOR Actions Generated: 4::
::PUSH_UPDATE Dequeue Node 37521::
::PUSH_UPDATE Dequeue Node 37521 Neighbour 1095::
::PUSH_UPDATE Dequeue Node 37521 Neighbour 27803::
::PUSH_UPDATE Dequeue Node 37521 Neighbour 1723::
::PUSH_UPDATE Dequeue Node 37521 Neighbour 4004::
::PUSH_UPDATE Dequeue Node 37521 Neighbour 19276::
::PUSH_UPDATE Dequeue Node 37521 Neighbour 33671::
::PUSH_UPDATE Dequeue Node 37521 Neighbour 25577::
::PUSH_UPDATE Dequeue Node 37521 Neighbour 11814::
::PUSH_UPDATE Dequeue Node 37521 Neighbour 12654::
::PUSH_UPDATE Dequeue Node 37521 Neighbour 18701::
::PUSH_UPDATE Dequeue Node 37521 Neighbour 15258::
::PUSH_UPDATE Dequeue Node 37521 Neighbour 3208::
::PUSH_UPDATE Dequeue Node 37521 Neighbour 19348::
::PUSH_UPDATE Dequeue Node 37521 Neighbour 15465::
::PUSH_UPDATE Dequeue Node 37521 Neighbour 20118::
::PUSH_UPDATE Dequeue Node 37521 Neighbour 11081::
::PUSH_UPDATE Dequeue Node 37521 Neighbour 23881::
::PUSH_UPDATE Dequeue Node 37521 Neighbour 23922::
::PUSH_UPDATE Dequeue Node 37521 Neighbour 24651::
::PUSH_UPDATE Dequeue Node 37521 Neighbour 26374::
::PUSH_UPDATE Dequeue Node 37521 Neighbour 28380::
::PUSH_UPDATE Dequeue Node 37521 Neighbour 31522::
::PUSH_UPDATE Dequeue Node 37521 Neighbour 30515::
::PUSH_UPDATE Dequeue Node 37521 Neighbour 37234::
::PUSH_UPDATE Dequeue Node 37521 Neighbour 34929::
::PUSH_UPDATE Dequeue Node 37521 Neighbour 34759::
::PUSH_UPDATE Dequeue Node 37521::
::PUSH_UPDATE Dequeue Node 37521 Neighbour 1095::
::PUSH_UPDATE Dequeue Node 37521 Neighbour 27803::
::PUSH_UPDATE Dequeue Node 37521 Neighbour 1723::
::PUSH_UPDATE Dequeue Node 37521 Neighbour 4004::
::PUSH_UPDATE Dequeue Node 37521 Neighbour 19276::
::PUSH_UPDATE Dequeue Node 37521 Neighbour 33671::
::PUSH_UPDATE Dequeue Node 37521 Neighbour 25577::
::PUSH_UPDATE Dequeue Node 37521 Neighbour 11814::
::PUSH_UPDATE Dequeue Node 37521 Neighbour 12654::
::PUSH_UPDATE Dequeue Node 37521 Neighbour 18701::
::PUSH_UPDATE Dequeue Node 37521 Neighbour 15258::
::PUSH_UPDATE Dequeue Node 37521 Neighbour 3208::
::PUSH_UPDATE Dequeue Node 37521 Neighbour 19348::
::PUSH_UPDATE Dequeue Node 37521 Neighbour 15465::
::PUSH_UPDATE Dequeue Node 37521 Neighbour 20118::
::PUSH_UPDATE Dequeue Node 37521 Neighbour 11081::
::PUSH_UPDATE Dequeue Node 37521 Neighbour 23881::
::PUSH_UPDATE Dequeue Node 37521 Neighbour 23922::
::PUSH_UPDATE Dequeue Node 37521 Neighbour 24651::
::PUSH_UPDATE Dequeue Node 37521 Neighbour 26374::
::PUSH_UPDATE Dequeue Node 37521 Neighbour 28380::
::PUSH_UPDATE Dequeue Node 37521 Neighbour 31522::
::PUSH_UPDATE Dequeue Node 37521 Neighbour 30515::
::PUSH_UPDATE Dequeue Node 37521 Neighbour 37234::
::PUSH_UPDATE Dequeue Node 37521 Neighbour 34929::
::PUSH_UPDATE Dequeue Node 37521 Neighbour 34759::
::PUSH_UPDATE Dequeue Node 37521::
::PUSH_UPDATE Dequeue Node 37521 Neighbour 1095::
::PUSH_UPDATE Dequeue Node 37521 Neighbour 27803::
::PUSH_UPDATE Dequeue Node 37521 Neighbour 1723::
::PUSH_UPDATE Dequeue Node 37521 Neighbour 4004::
::PUSH_UPDATE Dequeue Node 37521 Neighbour 19276::
::PUSH_UPDATE Dequeue Node 37521 Neighbour 33671::
::PUSH_UPDATE Dequeue Node 37521 Neighbour 25577::
::PUSH_UPDATE Dequeue Node 37521 Neighbour 11814::
::PUSH_UPDATE Dequeue Node 37521 Neighbour 12654::
::PUSH_UPDATE Dequeue Node 37521 Neighbour 18701::
::PUSH_UPDATE Dequeue Node 37521 Neighbour 15258::
::PUSH_UPDATE Dequeue Node 37521 Neighbour 3208::
::PUSH_UPDATE Dequeue Node 37521 Neighbour 19348::
::PUSH_UPDATE Dequeue Node 37521 Neighbour 15465::
::PUSH_UPDATE Dequeue Node 37521 Neighbour 20118::
::PUSH_UPDATE Dequeue Node 37521 Neighbour 11081::
::PUSH_UPDATE Dequeue Node 37521 Neighbour 23881::
::PUSH_UPDATE Dequeue Node 37521 Neighbour 23922::
::PUSH_UPDATE Dequeue Node 37521 Neighbour 24651::
::PUSH_UPDATE Dequeue Node 37521 Neighbour 26374::
::PUSH_UPDATE Dequeue Node 37521 Neighbour 28380::
::PUSH_UPDATE Dequeue Node 37521 Neighbour 31522::
::PUSH_UPDATE Dequeue Node 37521 Neighbour 30515::
::PUSH_UPDATE Dequeue Node 37521 Neighbour 37234::
::PUSH_UPDATE Dequeue Node 37521 Neighbour 34929::
::PUSH_UPDATE Dequeue Node 37521 Neighbour 34759::
::PUSH_UPDATE Dequeue Node 37521::
::PUSH_UPDATE Dequeue Node 37521 Neighbour 1095::
::PUSH_UPDATE Dequeue Node 37521 Neighbour 27803::
::PUSH_UPDATE Dequeue Node 37521 Neighbour 1723::
::PUSH_UPDATE Dequeue Node 37521 Neighbour 4004::
::PUSH_UPDATE Dequeue Node 37521 Neighbour 19276::
::PUSH_UPDATE Dequeue Node 37521 Neighbour 33671::
::PUSH_UPDATE Dequeue Node 37521 Neighbour 25577::
::PUSH_UPDATE Dequeue Node 37521 Neighbour 11814::
::PUSH_UPDATE Dequeue Node 37521 Neighbour 12654::
::PUSH_UPDATE Dequeue Node 37521 Neighbour 18701::
::PUSH_UPDATE Dequeue Node 37521 Neighbour 15258::
::PUSH_UPDATE Dequeue Node 37521 Neighbour 3208::
::PUSH_UPDATE Dequeue Node 37521 Neighbour 19348::
::PUSH_UPDATE Dequeue Node 37521 Neighbour 15465::
::PUSH_UPDATE Dequeue Node 37521 Neighbour 20118::
::PUSH_UPDATE Dequeue Node 37521 Neighbour 11081::
::PUSH_UPDATE Dequeue Node 37521 Neighbour 23881::
::PUSH_UPDATE Dequeue Node 37521 Neighbour 23922::
::PUSH_UPDATE Dequeue Node 37521 Neighbour 24651::
::PUSH_UPDATE Dequeue Node 37521 Neighbour 26374::
::PUSH_UPDATE Dequeue Node 37521 Neighbour 28380::
::PUSH_UPDATE Dequeue Node 37521 Neighbour 31522::
::PUSH_UPDATE Dequeue Node 37521 Neighbour 30515::
::PUSH_UPDATE Dequeue Node 37521 Neighbour 37234::
::PUSH_UPDATE Dequeue Node 37521 Neighbour 34929::
::PUSH_UPDATE Dequeue Node 37521 Neighbour 34759::
::USER_SIMULATOR Random Node 37024::
::USER_SIMULATOR Node Degree 2::
::USER_SIMULATOR Actions Generated: 1::
::USER_SIMULATOR Random Node 36870::
::USER_SIMULATOR Node Degree 9::
::USER_SIMULATOR Actions Generated: 3::
::USER_SIMULATOR Random Node 680::
::USER_SIMULATOR Node Degree 2::
::USER_SIMULATOR Actions Generated: 1::
::USER_SIMULATOR Random Node 29773::
::USER_SIMULATOR Node Degree 6::
::USER_SIMULATOR Actions Generated: 2::
::USER_SIMULATOR Random Node 30296::
::USER_SIMULATOR Node Degree 1::
::USER_SIMULATOR Actions Generated: 0::
::USER_SIMULATOR Random Node 3481::
::USER_SIMULATOR Node Degree 4::
::USER_SIMULATOR Actions Generated: 2::
::USER_SIMULATOR Random Node 36384::
::USER_SIMULATOR Node Degree 5::
::USER_SIMULATOR Actions Generated: 2::
::USER_SIMULATOR Random Node 2305::
::USER_SIMULATOR Node Degree 14::
::USER_SIMULATOR Actions Generated: 3::
::USER_SIMULATOR Random Node 6357::
::USER_SIMULATOR Node Degree 2::
::USER_SIMULATOR Actions Generated: 1::
::USER_SIMULATOR Random Node 18995::
::USER_SIMULATOR Node Degree 23::
::USER_SIMULATOR Actions Generated: 4::
::USER_SIMULATOR Random Node 1634::
::USER_SIMULATOR Node Degree 2::
::USER_SIMULATOR Actions Generated: 1::
::USER_SIMULATOR Random Node 28243::
::USER_SIMULATOR Node Degree 2::
::USER_SIMULATOR Actions Generated: 1::
::USER_SIMULATOR Random Node 9687::
::USER_SIMULATOR Node Degree 4::
::USER_SIMULATOR Actions Generated: 2::
::USER_SIMULATOR Random Node 8478::
::USER_SIMULATOR Node Degree 13::
::USER_SIMULATOR Actions Generated: 3::
::USER_SIMULATOR Random Node 25051::
::USER_SIMULATOR Node Degree 2::
::USER_SIMULATOR Actions Generated: 1::
::USER_SIMULATOR Random Node 14599::
::USER_SIMULATOR Node Degree 1::
::USER_SIMULATOR Actions Generated: 0::
::PUSH_UPDATE Dequeue Node 37024::
::PUSH_UPDATE Dequeue Node 37024 Neighbour 3837::
::PUSH_UPDATE Dequeue Node 37024 Neighbour 29835::
::PUSH_UPDATE Dequeue Node 36870::
::PUSH_UPDATE Dequeue Node 36870 Neighbour 27803::
::PUSH_UPDATE Dequeue Node 36870 Neighbour 5048::
::PUSH_UPDATE Dequeue Node 36870 Neighbour 5327::
::PUSH_UPDATE Dequeue Node 36870 Neighbour 16321::
::PUSH_UPDATE Dequeue Node 36870 Neighbour 19096::
::PUSH_UPDATE Dequeue Node 36870 Neighbour 13145::
::PUSH_UPDATE Dequeue Node 36870 Neighbour 15762::
::PUSH_UPDATE Dequeue Node 36870 Neighbour 29239::
::PUSH_UPDATE Dequeue Node 36870 Neighbour 25477::
::PUSH_UPDATE Dequeue Node 36870::
::PUSH_UPDATE Dequeue Node 36870 Neighbour 27803::
::PUSH_UPDATE Dequeue Node 36870 Neighbour 5048::
::PUSH_UPDATE Dequeue Node 36870 Neighbour 5327::
::PUSH_UPDATE Dequeue Node 36870 Neighbour 16321::
::PUSH_UPDATE Dequeue Node 36870 Neighbour 19096::
::PUSH_UPDATE Dequeue Node 36870 Neighbour 13145::
::PUSH_UPDATE Dequeue Node 36870 Neighbour 15762::
::PUSH_UPDATE Dequeue Node 36870 Neighbour 29239::
::PUSH_UPDATE Dequeue Node 36870 Neighbour 25477::
::PUSH_UPDATE Dequeue Node 36870::
::PUSH_UPDATE Dequeue Node 36870 Neighbour 27803::
::PUSH_UPDATE Dequeue Node 36870 Neighbour 5048::
::PUSH_UPDATE Dequeue Node 36870 Neighbour 5327::
::PUSH_UPDATE Dequeue Node 36870 Neighbour 16321::
::PUSH_UPDATE Dequeue Node 36870 Neighbour 19096::
::PUSH_UPDATE Dequeue Node 36870 Neighbour 13145::
::PUSH_UPDATE Dequeue Node 36870 Neighbour 15762::
::PUSH_UPDATE Dequeue Node 36870 Neighbour 29239::
::PUSH_UPDATE Dequeue Node 36870 Neighbour 25477::
::PUSH_UPDATE Dequeue Node 680::
::PUSH_UPDATE Dequeue Node 680 Neighbour 326::
::PUSH_UPDATE Dequeue Node 680 Neighbour 7150::
::PUSH_UPDATE Dequeue Node 29773::
::PUSH_UPDATE Dequeue Node 29773 Neighbour 6631::
::PUSH_UPDATE Dequeue Node 29773 Neighbour 15108::
::PUSH_UPDATE Dequeue Node 29773 Neighbour 20854::
::PUSH_UPDATE Dequeue Node 29773 Neighbour 27635::
::PUSH_UPDATE Dequeue Node 29773 Neighbour 30606::
::PUSH_UPDATE Dequeue Node 29773 Neighbour 36790::
::PUSH_UPDATE Dequeue Node 29773::
::PUSH_UPDATE Dequeue Node 29773 Neighbour 6631::
::PUSH_UPDATE Dequeue Node 29773 Neighbour 15108::
::PUSH_UPDATE Dequeue Node 29773 Neighbour 20854::
::PUSH_UPDATE Dequeue Node 29773 Neighbour 27635::
::PUSH_UPDATE Dequeue Node 29773 Neighbour 30606::
::PUSH_UPDATE Dequeue Node 29773 Neighbour 36790::
::PUSH_UPDATE Dequeue Node 3481::
::PUSH_UPDATE Dequeue Node 3481 Neighbour 31890::
::PUSH_UPDATE Dequeue Node 3481 Neighbour 13028::
::PUSH_UPDATE Dequeue Node 3481 Neighbour 22353::
::PUSH_UPDATE Dequeue Node 3481 Neighbour 33128::
::PUSH_UPDATE Dequeue Node 3481::
::PUSH_UPDATE Dequeue Node 3481 Neighbour 31890::
::PUSH_UPDATE Dequeue Node 3481 Neighbour 13028::
::PUSH_UPDATE Dequeue Node 3481 Neighbour 22353::
::PUSH_UPDATE Dequeue Node 3481 Neighbour 33128::
::PUSH_UPDATE Dequeue Node 36384::
::PUSH_UPDATE Dequeue Node 36384 Neighbour 1164::
::PUSH_UPDATE Dequeue Node 36384 Neighbour 7154::
::PUSH_UPDATE Dequeue Node 36384 Neighbour 18638::
::PUSH_UPDATE Dequeue Node 36384 Neighbour 31126::
::PUSH_UPDATE Dequeue Node 36384 Neighbour 18163::
::PUSH_UPDATE Dequeue Node 36384::
::PUSH_UPDATE Dequeue Node 36384 Neighbour 1164::
::PUSH_UPDATE Dequeue Node 36384 Neighbour 7154::
::PUSH_UPDATE Dequeue Node 36384 Neighbour 18638::
::PUSH_UPDATE Dequeue Node 36384 Neighbour 31126::
::PUSH_UPDATE Dequeue Node 36384 Neighbour 18163::
::PUSH_UPDATE Dequeue Node 2305::
::PUSH_UPDATE Dequeue Node 2305 Neighbour 5366::
::PUSH_UPDATE Dequeue Node 2305 Neighbour 35773::
::PUSH_UPDATE Dequeue Node 2305 Neighbour 7654::
::PUSH_UPDATE Dequeue Node 2305 Neighbour 29212::
::PUSH_UPDATE Dequeue Node 2305 Neighbour 15743::
::PUSH_UPDATE Dequeue Node 2305 Neighbour 9834::
::PUSH_UPDATE Dequeue Node 2305 Neighbour 9051::
::PUSH_UPDATE Dequeue Node 2305 Neighbour 12168::
::PUSH_UPDATE Dequeue Node 2305 Neighbour 15405::
::PUSH_UPDATE Dequeue Node 2305 Neighbour 30403::
::PUSH_UPDATE Dequeue Node 2305 Neighbour 12136::
::PUSH_UPDATE Dequeue Node 2305 Neighbour 24362::
::PUSH_UPDATE Dequeue Node 2305 Neighbour 14944::
::PUSH_UPDATE Dequeue Node 2305 Neighbour 2556::
::PUSH_UPDATE Dequeue Node 2305::
::PUSH_UPDATE Dequeue Node 2305 Neighbour 5366::
::PUSH_UPDATE Dequeue Node 2305 Neighbour 35773::
::PUSH_UPDATE Dequeue Node 2305 Neighbour 7654::
::PUSH_UPDATE Dequeue Node 2305 Neighbour 29212::
::PUSH_UPDATE Dequeue Node 2305 Neighbour 15743::
::PUSH_UPDATE Dequeue Node 2305 Neighbour 9834::
::PUSH_UPDATE Dequeue Node 2305 Neighbour 9051::
::PUSH_UPDATE Dequeue Node 2305 Neighbour 12168::
::PUSH_UPDATE Dequeue Node 2305 Neighbour 15405::
::PUSH_UPDATE Dequeue Node 2305 Neighbour 30403::
::PUSH_UPDATE Dequeue Node 2305 Neighbour 12136::
::PUSH_UPDATE Dequeue Node 2305 Neighbour 24362::
::PUSH_UPDATE Dequeue Node 2305 Neighbour 14944::
::PUSH_UPDATE Dequeue Node 2305 Neighbour 2556::
::PUSH_UPDATE Dequeue Node 2305::
::PUSH_UPDATE Dequeue Node 2305 Neighbour 5366::
::PUSH_UPDATE Dequeue Node 2305 Neighbour 35773::
::PUSH_UPDATE Dequeue Node 2305 Neighbour 7654::
::PUSH_UPDATE Dequeue Node 2305 Neighbour 29212::
::PUSH_UPDATE Dequeue Node 2305 Neighbour 15743::
::PUSH_UPDATE Dequeue Node 2305 Neighbour 9834::
::PUSH_UPDATE Dequeue Node 2305 Neighbour 9051::
::PUSH_UPDATE Dequeue Node 2305 Neighbour 12168::
::PUSH_UPDATE Dequeue Node 2305 Neighbour 15405::
::PUSH_UPDATE Dequeue Node 2305 Neighbour 30403::
::PUSH_UPDATE Dequeue Node 2305 Neighbour 12136::
::PUSH_UPDATE Dequeue Node 2305 Neighbour 24362::
::PUSH_UPDATE Dequeue Node 2305 Neighbour 14944::
::PUSH_UPDATE Dequeue Node 2305 Neighbour 2556::
::PUSH_UPDATE Dequeue Node 6357::
::PUSH_UPDATE Dequeue Node 6357 Neighbour 24874::
::PUSH_UPDATE Dequeue Node 6357 Neighbour 33643::
::PUSH_UPDATE Dequeue Node 18995::
::PUSH_UPDATE Dequeue Node 18995 Neighbour 27803::
::PUSH_UPDATE Dequeue Node 18995 Neighbour 3122::
::PUSH_UPDATE Dequeue Node 18995 Neighbour 4101::
::PUSH_UPDATE Dequeue Node 18995 Neighbour 773::
::PUSH_UPDATE Dequeue Node 18995 Neighbour 8224::
::PUSH_UPDATE Dequeue Node 18995 Neighbour 1503::
::PUSH_UPDATE Dequeue Node 18995 Neighbour 9814::
::PUSH_UPDATE Dequeue Node 18995 Neighbour 34039::
::PUSH_UPDATE Dequeue Node 18995 Neighbour 13269::
::PUSH_UPDATE Dequeue Node 18995 Neighbour 28624::
::PUSH_UPDATE Dequeue Node 18995 Neighbour 17242::
::PUSH_UPDATE Dequeue Node 18995 Neighbour 19253::
::PUSH_UPDATE Dequeue Node 18995 Neighbour 26733::
::PUSH_UPDATE Dequeue Node 18995 Neighbour 28588::
::PUSH_UPDATE Dequeue Node 18995 Neighbour 28832::
::PUSH_UPDATE Dequeue Node 18995 Neighbour 29168::
::PUSH_UPDATE Dequeue Node 18995 Neighbour 5323::
::PUSH_UPDATE Dequeue Node 18995 Neighbour 31018::
::PUSH_UPDATE Dequeue Node 18995 Neighbour 34278::
::PUSH_UPDATE Dequeue Node 18995 Neighbour 32085::
::PUSH_UPDATE Dequeue Node 18995 Neighbour 29882::
::PUSH_UPDATE Dequeue Node 18995 Neighbour 36758::
::PUSH_UPDATE Dequeue Node 18995 Neighbour 29886::
::PUSH_UPDATE Dequeue Node 18995::
::PUSH_UPDATE Dequeue Node 18995 Neighbour 27803::
::PUSH_UPDATE Dequeue Node 18995 Neighbour 3122::
::PUSH_UPDATE Dequeue Node 18995 Neighbour 4101::
::PUSH_UPDATE Dequeue Node 18995 Neighbour 773::
::PUSH_UPDATE Dequeue Node 18995 Neighbour 8224::
::PUSH_UPDATE Dequeue Node 18995 Neighbour 1503::
::PUSH_UPDATE Dequeue Node 18995 Neighbour 9814::
::PUSH_UPDATE Dequeue Node 18995 Neighbour 34039::
::PUSH_UPDATE Dequeue Node 18995 Neighbour 13269::
::PUSH_UPDATE Dequeue Node 18995 Neighbour 28624::
::PUSH_UPDATE Dequeue Node 18995 Neighbour 17242::
::PUSH_UPDATE Dequeue Node 18995 Neighbour 19253::
::PUSH_UPDATE Dequeue Node 18995 Neighbour 26733::
::PUSH_UPDATE Dequeue Node 18995 Neighbour 28588::
::PUSH_UPDATE Dequeue Node 18995 Neighbour 28832::
::PUSH_UPDATE Dequeue Node 18995 Neighbour 29168::
::PUSH_UPDATE Dequeue Node 18995 Neighbour 5323::
::PUSH_UPDATE Dequeue Node 18995 Neighbour 31018::
::PUSH_UPDATE Dequeue Node 18995 Neighbour 34278::
::PUSH_UPDATE Dequeue Node 18995 Neighbour 32085::
::PUSH_UPDATE Dequeue Node 18995 Neighbour 29882::
::PUSH_UPDATE Dequeue Node 18995 Neighbour 36758::
::PUSH_UPDATE Dequeue Node 18995 Neighbour 29886::
::PUSH_UPDATE Dequeue Node 18995::
::PUSH_UPDATE Dequeue Node 18995 Neighbour 27803::
::PUSH_UPDATE Dequeue Node 18995 Neighbour 3122::
::PUSH_UPDATE Dequeue Node 18995 Neighbour 4101::
::PUSH_UPDATE Dequeue Node 18995 Neighbour 773::
::PUSH_UPDATE Dequeue Node 18995 Neighbour 8224::
::PUSH_UPDATE Dequeue Node 18995 Neighbour 1503::
::PUSH_UPDATE Dequeue Node 18995 Neighbour 9814::
::PUSH_UPDATE Dequeue Node 18995 Neighbour 34039::
::PUSH_UPDATE Dequeue Node 18995 Neighbour 13269::
::PUSH_UPDATE Dequeue Node 18995 Neighbour 28624::
::PUSH_UPDATE Dequeue Node 18995 Neighbour 17242::
::PUSH_UPDATE Dequeue Node 18995 Neighbour 19253::
::PUSH_UPDATE Dequeue Node 18995 Neighbour 26733::
::PUSH_UPDATE Dequeue Node 18995 Neighbour 28588::
::PUSH_UPDATE Dequeue Node 18995 Neighbour 28832::
::PUSH_UPDATE Dequeue Node 18995 Neighbour 29168::
::PUSH_UPDATE Dequeue Node 18995 Neighbour 5323::
::PUSH_UPDATE Dequeue Node 18995 Neighbour 31018::
::PUSH_UPDATE Dequeue Node 18995 Neighbour 34278::
::PUSH_UPDATE Dequeue Node 18995 Neighbour 32085::
::PUSH_UPDATE Dequeue Node 18995 Neighbour 29882::
::PUSH_UPDATE Dequeue Node 18995 Neighbour 36758::
::PUSH_UPDATE Dequeue Node 18995 Neighbour 29886::
::PUSH_UPDATE Dequeue Node 18995::
::PUSH_UPDATE Dequeue Node 18995 Neighbour 27803::
::PUSH_UPDATE Dequeue Node 18995 Neighbour 3122::
::PUSH_UPDATE Dequeue Node 18995 Neighbour 4101::
::PUSH_UPDATE Dequeue Node 18995 Neighbour 773::
::PUSH_UPDATE Dequeue Node 18995 Neighbour 8224::
::PUSH_UPDATE Dequeue Node 18995 Neighbour 1503::
::PUSH_UPDATE Dequeue Node 18995 Neighbour 9814::
::PUSH_UPDATE Dequeue Node 18995 Neighbour 34039::
::PUSH_UPDATE Dequeue Node 18995 Neighbour 13269::
::PUSH_UPDATE Dequeue Node 18995 Neighbour 28624::
::PUSH_UPDATE Dequeue Node 18995 Neighbour 17242::
::PUSH_UPDATE Dequeue Node 18995 Neighbour 19253::
::PUSH_UPDATE Dequeue Node 18995 Neighbour 26733::
::PUSH_UPDATE Dequeue Node 18995 Neighbour 28588::
::PUSH_UPDATE Dequeue Node 18995 Neighbour 28832::
::PUSH_UPDATE Dequeue Node 18995 Neighbour 29168::
::PUSH_UPDATE Dequeue Node 18995 Neighbour 5323::
::PUSH_UPDATE Dequeue Node 18995 Neighbour 31018::
::PUSH_UPDATE Dequeue Node 18995 Neighbour 34278::
::PUSH_UPDATE Dequeue Node 18995 Neighbour 32085::
::PUSH_UPDATE Dequeue Node 18995 Neighbour 29882::
::PUSH_UPDATE Dequeue Node 18995 Neighbour 36758::
::PUSH_UPDATE Dequeue Node 18995 Neighbour 29886::
::PUSH_UPDATE Dequeue Node 1634::
::PUSH_UPDATE Dequeue Node 1634 Neighbour 34824::
::PUSH_UPDATE Dequeue Node 1634 Neighbour 29697::
::PUSH_UPDATE Dequeue Node 28243::
::PUSH_UPDATE Dequeue Node 28243 Neighbour 16652::
::PUSH_UPDATE Dequeue Node 28243 Neighbour 32827::
::PUSH_UPDATE Dequeue Node 9687::
::PUSH_UPDATE Dequeue Node 9687 Neighbour 2180::
::PUSH_UPDATE Dequeue Node 9687 Neighbour 27325::
::PUSH_UPDATE Dequeue Node 9687 Neighbour 29100::
::PUSH_UPDATE Dequeue Node 9687 Neighbour 35773::
::PUSH_UPDATE Dequeue Node 9687::
::PUSH_UPDATE Dequeue Node 9687 Neighbour 2180::
::PUSH_UPDATE Dequeue Node 9687 Neighbour 27325::
::PUSH_UPDATE Dequeue Node 9687 Neighbour 29100::
::PUSH_UPDATE Dequeue Node 9687 Neighbour 35773::
::PUSH_UPDATE Dequeue Node 8478::
::PUSH_UPDATE Dequeue Node 8478 Neighbour 27803::
::PUSH_UPDATE Dequeue Node 8478 Neighbour 2501::
::PUSH_UPDATE Dequeue Node 8478 Neighbour 10372::
::PUSH_UPDATE Dequeue Node 8478 Neighbour 18555::
::PUSH_UPDATE Dequeue Node 8478 Neighbour 25165::
::PUSH_UPDATE Dequeue Node 8478 Neighbour 6906::
::PUSH_UPDATE Dequeue Node 8478 Neighbour 24344::
::PUSH_UPDATE Dequeue Node 8478 Neighbour 17010::
::PUSH_UPDATE Dequeue Node 8478 Neighbour 26918::
::PUSH_UPDATE Dequeue Node 8478 Neighbour 33107::
::PUSH_UPDATE Dequeue Node 8478 Neighbour 33453::
::PUSH_UPDATE Dequeue Node 8478 Neighbour 36551::
::PUSH_UPDATE Dequeue Node 8478 Neighbour 24431::
::PUSH_UPDATE Dequeue Node 8478::
::PUSH_UPDATE Dequeue Node 8478 Neighbour 27803::
::PUSH_UPDATE Dequeue Node 8478 Neighbour 2501::
::PUSH_UPDATE Dequeue Node 8478 Neighbour 10372::
::PUSH_UPDATE Dequeue Node 8478 Neighbour 18555::
::PUSH_UPDATE Dequeue Node 8478 Neighbour 25165::
::PUSH_UPDATE Dequeue Node 8478 Neighbour 6906::
::PUSH_UPDATE Dequeue Node 8478 Neighbour 24344::
::PUSH_UPDATE Dequeue Node 8478 Neighbour 17010::
::PUSH_UPDATE Dequeue Node 8478 Neighbour 26918::
::PUSH_UPDATE Dequeue Node 8478 Neighbour 33107::
::PUSH_UPDATE Dequeue Node 8478 Neighbour 33453::
::PUSH_UPDATE Dequeue Node 8478 Neighbour 36551::
::PUSH_UPDATE Dequeue Node 8478 Neighbour 24431::
::PUSH_UPDATE Dequeue Node 8478::
::PUSH_UPDATE Dequeue Node 8478 Neighbour 27803::
::PUSH_UPDATE Dequeue Node 8478 Neighbour 2501::
::PUSH_UPDATE Dequeue Node 8478 Neighbour 10372::
::PUSH_UPDATE Dequeue Node 8478 Neighbour 18555::
::PUSH_UPDATE Dequeue Node 8478 Neighbour 25165::
::PUSH_UPDATE Dequeue Node 8478 Neighbour 6906::
::PUSH_UPDATE Dequeue Node 8478 Neighbour 24344::
::PUSH_UPDATE Dequeue Node 8478 Neighbour 17010::
::PUSH_UPDATE Dequeue Node 8478 Neighbour 26918::
::PUSH_UPDATE Dequeue Node 8478 Neighbour 33107::
::PUSH_UPDATE Dequeue Node 8478 Neighbour 33453::
::PUSH_UPDATE Dequeue Node 8478 Neighbour 36551::
::PUSH_UPDATE Dequeue Node 8478 Neighbour 24431::
::PUSH_UPDATE Dequeue Node 25051::
::PUSH_UPDATE Dequeue Node 25051 Neighbour 4741::
::PUSH_UPDATE Dequeue Node 25051 Neighbour 5072::
::USER_SIMULATOR Random Node 28532::
::USER_SIMULATOR Node Degree 115::
::USER_SIMULATOR Actions Generated: 6::
::PUSH_UPDATE Dequeue Node 28532::
::PUSH_UPDATE Dequeue Node 28532 Neighbour 276::
::PUSH_UPDATE Dequeue Node 28532 Neighbour 468::
::PUSH_UPDATE Dequeue Node 28532 Neighbour 621::
::PUSH_UPDATE Dequeue Node 28532 Neighbour 27803::
::PUSH_UPDATE Dequeue Node 28532 Neighbour 1504::
::PUSH_UPDATE Dequeue Node 28532 Neighbour 31217::
::PUSH_UPDATE Dequeue Node 28532 Neighbour 1762::
::PUSH_UPDATE Dequeue Node 28532 Neighbour 1923::
::PUSH_UPDATE Dequeue Node 28532 Neighbour 2169::
::PUSH_UPDATE Dequeue Node 28532 Neighbour 3052::
::PUSH_UPDATE Dequeue Node 28532 Neighbour 3237::
::PUSH_UPDATE Dequeue Node 28532 Neighbour 3374::
::PUSH_UPDATE Dequeue Node 28532 Neighbour 3483::
::PUSH_UPDATE Dequeue Node 28532 Neighbour 3874::
::PUSH_UPDATE Dequeue Node 28532 Neighbour 4207::
::PUSH_UPDATE Dequeue Node 28532 Neighbour 4323::
::PUSH_UPDATE Dequeue Node 28532 Neighbour 4470::
::PUSH_UPDATE Dequeue Node 28532 Neighbour 5085::
::PUSH_UPDATE Dequeue Node 28532 Neighbour 33799::
::PUSH_UPDATE Dequeue Node 28532 Neighbour 2039::
::PUSH_UPDATE Dequeue Node 28532 Neighbour 6719::
::PUSH_UPDATE Dequeue Node 28532 Neighbour 7219::
::PUSH_UPDATE Dequeue Node 28532 Neighbour 7326::
::PUSH_UPDATE Dequeue Node 28532 Neighbour 7653::
::PUSH_UPDATE Dequeue Node 28532 Neighbour 7668::
::PUSH_UPDATE Dequeue Node 28532 Neighbour 7976::
::PUSH_UPDATE Dequeue Node 28532 Neighbour 8177::
::PUSH_UPDATE Dequeue Node 28532 Neighbour 8394::
::PUSH_UPDATE Dequeue Node 28532 Neighbour 19738::
::PUSH_UPDATE Dequeue Node 28532 Neighbour 8514::
::PUSH_UPDATE Dequeue Node 28532 Neighbour 9015::
::PUSH_UPDATE Dequeue Node 28532 Neighbour 10907::
::PUSH_UPDATE Dequeue Node 28532 Neighbour 11023::
::PUSH_UPDATE Dequeue Node 28532 Neighbour 11566::
::PUSH_UPDATE Dequeue Node 28532 Neighbour 11674::
::PUSH_UPDATE Dequeue Node 28532 Neighbour 11746::
::PUSH_UPDATE Dequeue Node 28532 Neighbour 12158::
::PUSH_UPDATE Dequeue Node 28532 Neighbour 12335::
::PUSH_UPDATE Dequeue Node 28532 Neighbour 33358::
::PUSH_UPDATE Dequeue Node 28532 Neighbour 12599::
::PUSH_UPDATE Dequeue Node 28532 Neighbour 12731::
::PUSH_UPDATE Dequeue Node 28532 Neighbour 12956::
::PUSH_UPDATE Dequeue Node 28532 Neighbour 13238::
::PUSH_UPDATE Dequeue Node 28532 Neighbour 33362::
::PUSH_UPDATE Dequeue Node 28532 Neighbour 13309::
::PUSH_UPDATE Dequeue Node 28532 Neighbour 13545::
::PUSH_UPDATE Dequeue Node 28532 Neighbour 13632::
::PUSH_UPDATE Dequeue Node 28532 Neighbour 34538::
::PUSH_UPDATE Dequeue Node 28532 Neighbour 14774::
::PUSH_UPDATE Dequeue Node 28532 Neighbour 27121::
::PUSH_UPDATE Dequeue Node 28532 Neighbour 15313::
::PUSH_UPDATE Dequeue Node 28532 Neighbour 15331::
::PUSH_UPDATE Dequeue Node 28532 Neighbour 16546::
::PUSH_UPDATE Dequeue Node 28532 Neighbour 16918::
::PUSH_UPDATE Dequeue Node 28532 Neighbour 17036::
::PUSH_UPDATE Dequeue Node 28532 Neighbour 17066::
::PUSH_UPDATE Dequeue Node 28532 Neighbour 17192::
::PUSH_UPDATE Dequeue Node 28532 Neighbour 17515::
::PUSH_UPDATE Dequeue Node 28532 Neighbour 17951::
::PUSH_UPDATE Dequeue Node 28532 Neighbour 18421::
::PUSH_UPDATE Dequeue Node 28532 Neighbour 18866::
::PUSH_UPDATE Dequeue Node 28532 Neighbour 19079::
::PUSH_UPDATE Dequeue Node 28532 Neighbour 6023::
::PUSH_UPDATE Dequeue Node 28532 Neighbour 19351::
::PUSH_UPDATE Dequeue Node 28532 Neighbour 26497::
::PUSH_UPDATE Dequeue Node 28532 Neighbour 13872::
::PUSH_UPDATE Dequeue Node 28532 Neighbour 20780::
::PUSH_UPDATE Dequeue Node 28532 Neighbour 20849::
::PUSH_UPDATE Dequeue Node 28532 Neighbour 15762::
::PUSH_UPDATE Dequeue Node 28532 Neighbour 21566::
::PUSH_UPDATE Dequeue Node 28532 Neighbour 21578::
::PUSH_UPDATE Dequeue Node 28532 Neighbour 22007::
::USER_SIMULATOR Random Node 3886::
::USER_SIMULATOR Node Degree 20::
::USER_SIMULATOR Actions Generated: 4::
::PUSH_UPDATE Dequeue Node 28532 Neighbour 1464::
::PUSH_UPDATE Dequeue Node 28532 Neighbour 22255::
::PUSH_UPDATE Dequeue Node 28532 Neighbour 22325::
::PUSH_UPDATE Dequeue Node 28532 Neighbour 22449::
::PUSH_UPDATE Dequeue Node 28532 Neighbour 23088::
::PUSH_UPDATE Dequeue Node 28532 Neighbour 23436::
::PUSH_UPDATE Dequeue Node 28532 Neighbour 23589::
::PUSH_UPDATE Dequeue Node 28532 Neighbour 24131::
::PUSH_UPDATE Dequeue Node 28532 Neighbour 28708::
::PUSH_UPDATE Dequeue Node 28532 Neighbour 24985::
::PUSH_UPDATE Dequeue Node 28532 Neighbour 25242::
::PUSH_UPDATE Dequeue Node 28532 Neighbour 25249::
::PUSH_UPDATE Dequeue Node 28532 Neighbour 13102::
::PUSH_UPDATE Dequeue Node 28532 Neighbour 28261::
::PUSH_UPDATE Dequeue Node 28532 Neighbour 28410::
::PUSH_UPDATE Dequeue Node 28532 Neighbour 34114::
::PUSH_UPDATE Dequeue Node 28532 Neighbour 31659::
::PUSH_UPDATE Dequeue Node 28532 Neighbour 33029::
::PUSH_UPDATE Dequeue Node 28532 Neighbour 31518::
::PUSH_UPDATE Dequeue Node 28532 Neighbour 30594::
::PUSH_UPDATE Dequeue Node 28532 Neighbour 43::
::PUSH_UPDATE Dequeue Node 28532 Neighbour 29052::
::PUSH_UPDATE Dequeue Node 28532 Neighbour 31843::
::PUSH_UPDATE Dequeue Node 28532 Neighbour 23506::
::PUSH_UPDATE Dequeue Node 28532 Neighbour 16959::
::PUSH_UPDATE Dequeue Node 28532 Neighbour 30002::
::PUSH_UPDATE Dequeue Node 28532 Neighbour 34385::
::PUSH_UPDATE Dequeue Node 28532 Neighbour 37421::
::PUSH_UPDATE Dequeue Node 28532 Neighbour 32060::
::PUSH_UPDATE Dequeue Node 28532 Neighbour 36183::
::PUSH_UPDATE Dequeue Node 28532 Neighbour 30176::
::PUSH_UPDATE Dequeue Node 28532 Neighbour 35677::
::PUSH_UPDATE Dequeue Node 28532 Neighbour 32844::
::PUSH_UPDATE Dequeue Node 28532 Neighbour 29312::
::PUSH_UPDATE Dequeue Node 28532 Neighbour 29893::
::PUSH_UPDATE Dequeue Node 28532 Neighbour 29131::
::PUSH_UPDATE Dequeue Node 28532 Neighbour 30219::
::PUSH_UPDATE Dequeue Node 28532 Neighbour 35258::
::PUSH_UPDATE Dequeue Node 28532 Neighbour 5506::
::PUSH_UPDATE Dequeue Node 28532 Neighbour 30303::
::PUSH_UPDATE Dequeue Node 28532 Neighbour 8651::
::PUSH_UPDATE Dequeue Node 28532 Neighbour 30403::
::PUSH_UPDATE Dequeue Node 28532 Neighbour 36723::
::PUSH_UPDATE Dequeue Node 28532::
::PUSH_UPDATE Dequeue Node 28532 Neighbour 276::
::PUSH_UPDATE Dequeue Node 28532 Neighbour 468::
::PUSH_UPDATE Dequeue Node 28532 Neighbour 621::
::PUSH_UPDATE Dequeue Node 28532 Neighbour 27803::
::PUSH_UPDATE Dequeue Node 28532 Neighbour 1504::
::PUSH_UPDATE Dequeue Node 28532 Neighbour 31217::
::PUSH_UPDATE Dequeue Node 28532 Neighbour 1762::
::PUSH_UPDATE Dequeue Node 28532 Neighbour 1923::
::PUSH_UPDATE Dequeue Node 28532 Neighbour 2169::
::PUSH_UPDATE Dequeue Node 28532 Neighbour 3052::
::PUSH_UPDATE Dequeue Node 28532 Neighbour 3237::
::PUSH_UPDATE Dequeue Node 28532 Neighbour 3374::
::PUSH_UPDATE Dequeue Node 28532 Neighbour 3483::
::PUSH_UPDATE Dequeue Node 28532 Neighbour 3874::
::PUSH_UPDATE Dequeue Node 28532 Neighbour 4207::
::PUSH_UPDATE Dequeue Node 28532 Neighbour 4323::
::PUSH_UPDATE Dequeue Node 28532 Neighbour 4470::
::PUSH_UPDATE Dequeue Node 28532 Neighbour 5085::
::PUSH_UPDATE Dequeue Node 28532 Neighbour 33799::
::PUSH_UPDATE Dequeue Node 28532 Neighbour 2039::
::PUSH_UPDATE Dequeue Node 28532 Neighbour 6719::
::PUSH_UPDATE Dequeue Node 28532 Neighbour 7219::
::PUSH_UPDATE Dequeue Node 28532 Neighbour 7326::
::PUSH_UPDATE Dequeue Node 28532 Neighbour 7653::
::PUSH_UPDATE Dequeue Node 28532 Neighbour 7668::
::PUSH_UPDATE Dequeue Node 28532 Neighbour 7976::
::PUSH_UPDATE Dequeue Node 28532 Neighbour 8177::
::PUSH_UPDATE Dequeue Node 28532 Neighbour 8394::
::PUSH_UPDATE Dequeue Node 28532 Neighbour 19738::
::PUSH_UPDATE Dequeue Node 28532 Neighbour 8514::
::PUSH_UPDATE Dequeue Node 28532 Neighbour 9015::
::PUSH_UPDATE Dequeue Node 28532 Neighbour 10907::
::PUSH_UPDATE Dequeue Node 28532 Neighbour 11023::
::PUSH_UPDATE Dequeue Node 28532 Neighbour 11566::
::PUSH_UPDATE Dequeue Node 28532 Neighbour 11674::
::PUSH_UPDATE Dequeue Node 28532 Neighbour 11746::
::PUSH_UPDATE Dequeue Node 28532 Neighbour 12158::
::PUSH_UPDATE Dequeue Node 28532 Neighbour 12335::
::PUSH_UPDATE Dequeue Node 28532 Neighbour 33358::
::PUSH_UPDATE Dequeue Node 28532 Neighbour 12599::
::PUSH_UPDATE Dequeue Node 28532 Neighbour 12731::
::PUSH_UPDATE Dequeue Node 28532 Neighbour 12956::
::PUSH_UPDATE Dequeue Node 28532 Neighbour 13238::
::PUSH_UPDATE Dequeue Node 28532 Neighbour 33362::
::PUSH_UPDATE Dequeue Node 28532 Neighbour 13309::
::PUSH_UPDATE Dequeue Node 28532 Neighbour 13545::
::PUSH_UPDATE Dequeue Node 28532 Neighbour 13632::
::PUSH_UPDATE Dequeue Node 28532 Neighbour 34538::
::PUSH_UPDATE Dequeue Node 28532 Neighbour 14774::
::PUSH_UPDATE Dequeue Node 28532 Neighbour 27121::
::PUSH_UPDATE Dequeue Node 28532 Neighbour 15313::
::PUSH_UPDATE Dequeue Node 28532 Neighbour 15331::
::PUSH_UPDATE Dequeue Node 28532 Neighbour 16546::
::PUSH_UPDATE Dequeue Node 28532 Neighbour 16918::
::PUSH_UPDATE Dequeue Node 28532 Neighbour 17036::
::PUSH_UPDATE Dequeue Node 28532 Neighbour 17066::
::PUSH_UPDATE Dequeue Node 28532 Neighbour 17192::
::PUSH_UPDATE Dequeue Node 28532 Neighbour 17515::
::PUSH_UPDATE Dequeue Node 28532 Neighbour 17951::
::PUSH_UPDATE Dequeue Node 28532 Neighbour 18421::
::PUSH_UPDATE Dequeue Node 28532 Neighbour 18866::
::PUSH_UPDATE Dequeue Node 28532 Neighbour 19079::
::PUSH_UPDATE Dequeue Node 28532 Neighbour 6023::
::PUSH_UPDATE Dequeue Node 28532 Neighbour 19351::
::PUSH_UPDATE Dequeue Node 28532 Neighbour 26497::
::PUSH_UPDATE Dequeue Node 28532 Neighbour 13872::
::PUSH_UPDATE Dequeue Node 28532::
::PUSH_UPDATE Dequeue Node 28532 Neighbour 20780::
::PUSH_UPDATE Dequeue Node 28532 Neighbour 20849::
::PUSH_UPDATE Dequeue Node 28532 Neighbour 15762::
::PUSH_UPDATE Dequeue Node 28532 Neighbour 21566::
::PUSH_UPDATE Dequeue Node 28532 Neighbour 21578::
::PUSH_UPDATE Dequeue Node 28532 Neighbour 22007::
::PUSH_UPDATE Dequeue Node 28532 Neighbour 1464::
::PUSH_UPDATE Dequeue Node 28532 Neighbour 22255::
::PUSH_UPDATE Dequeue Node 28532 Neighbour 22325::
::PUSH_UPDATE Dequeue Node 28532 Neighbour 22449::
::PUSH_UPDATE Dequeue Node 28532 Neighbour 23088::
::PUSH_UPDATE Dequeue Node 28532 Neighbour 23436::
::PUSH_UPDATE Dequeue Node 28532 Neighbour 23589::
::PUSH_UPDATE Dequeue Node 28532 Neighbour 24131::
::PUSH_UPDATE Dequeue Node 28532 Neighbour 28708::
::PUSH_UPDATE Dequeue Node 28532 Neighbour 24985::
::PUSH_UPDATE Dequeue Node 28532 Neighbour 25242::
::PUSH_UPDATE Dequeue Node 28532 Neighbour 276::
::PUSH_UPDATE Dequeue Node 28532 Neighbour 468::
::PUSH_UPDATE Dequeue Node 28532 Neighbour 25249::
::PUSH_UPDATE Dequeue Node 28532 Neighbour 621::
::PUSH_UPDATE Dequeue Node 28532 Neighbour 13102::
::PUSH_UPDATE Dequeue Node 28532 Neighbour 27803::
::PUSH_UPDATE Dequeue Node 28532 Neighbour 28261::
::PUSH_UPDATE Dequeue Node 28532 Neighbour 1504::
::PUSH_UPDATE Dequeue Node 28532 Neighbour 28410::
::PUSH_UPDATE Dequeue Node 28532 Neighbour 31217::
::PUSH_UPDATE Dequeue Node 28532 Neighbour 34114::
::PUSH_UPDATE Dequeue Node 28532 Neighbour 1762::
::PUSH_UPDATE Dequeue Node 28532 Neighbour 31659::
::PUSH_UPDATE Dequeue Node 28532 Neighbour 1923::
::PUSH_UPDATE Dequeue Node 28532 Neighbour 33029::
::PUSH_UPDATE Dequeue Node 28532 Neighbour 31518::
::PUSH_UPDATE Dequeue Node 28532 Neighbour 2169::
::PUSH_UPDATE Dequeue Node 28532 Neighbour 30594::
::PUSH_UPDATE Dequeue Node 28532 Neighbour 43::
::PUSH_UPDATE Dequeue Node 28532 Neighbour 29052::
::PUSH_UPDATE Dequeue Node 28532 Neighbour 3052::
::PUSH_UPDATE Dequeue Node 28532 Neighbour 31843::
::PUSH_UPDATE Dequeue Node 28532 Neighbour 3237::
::PUSH_UPDATE Dequeue Node 28532 Neighbour 23506::
::PUSH_UPDATE Dequeue Node 28532 Neighbour 3374::
::PUSH_UPDATE Dequeue Node 28532 Neighbour 16959::
::PUSH_UPDATE Dequeue Node 28532 Neighbour 3483::
::PUSH_UPDATE Dequeue Node 28532 Neighbour 30002::
::PUSH_UPDATE Dequeue Node 28532 Neighbour 3874::
::PUSH_UPDATE Dequeue Node 28532 Neighbour 34385::
::PUSH_UPDATE Dequeue Node 28532 Neighbour 4207::
::PUSH_UPDATE Dequeue Node 28532 Neighbour 37421::
::PUSH_UPDATE Dequeue Node 28532 Neighbour 4323::
::PUSH_UPDATE Dequeue Node 28532 Neighbour 32060::
::PUSH_UPDATE Dequeue Node 28532 Neighbour 4470::
::PUSH_UPDATE Dequeue Node 28532 Neighbour 36183::
::PUSH_UPDATE Dequeue Node 28532 Neighbour 5085::
::PUSH_UPDATE Dequeue Node 28532 Neighbour 30176::
::PUSH_UPDATE Dequeue Node 28532 Neighbour 33799::
::PUSH_UPDATE Dequeue Node 28532 Neighbour 2039::
::PUSH_UPDATE Dequeue Node 28532 Neighbour 6719::
::PUSH_UPDATE Dequeue Node 28532 Neighbour 7219::
::PUSH_UPDATE Dequeue Node 28532 Neighbour 7326::
::PUSH_UPDATE Dequeue Node 28532::
::PUSH_UPDATE Dequeue Node 28532 Neighbour 7653::
::PUSH_UPDATE Dequeue Node 28532 Neighbour 276::
::PUSH_UPDATE Dequeue Node 28532 Neighbour 468::
::PUSH_UPDATE Dequeue Node 28532 Neighbour 7668::
::PUSH_UPDATE Dequeue Node 28532 Neighbour 621::
::PUSH_UPDATE Dequeue Node 28532 Neighbour 7976::
::PUSH_UPDATE Dequeue Node 28532 Neighbour 27803::
::PUSH_UPDATE Dequeue Node 28532 Neighbour 1504::
::PUSH_UPDATE Dequeue Node 28532 Neighbour 8177::
::PUSH_UPDATE Dequeue Node 28532 Neighbour 31217::
::PUSH_UPDATE Dequeue Node 28532 Neighbour 8394::
::PUSH_UPDATE Dequeue Node 28532 Neighbour 1762::
::PUSH_UPDATE Dequeue Node 28532 Neighbour 1923::
::PUSH_UPDATE Dequeue Node 28532 Neighbour 19738::
::PUSH_UPDATE Dequeue Node 28532 Neighbour 2169::
::PUSH_UPDATE Dequeue Node 28532 Neighbour 8514::
::PUSH_UPDATE Dequeue Node 28532 Neighbour 3052::
::PUSH_UPDATE Dequeue Node 28532 Neighbour 3237::
::PUSH_UPDATE Dequeue Node 28532 Neighbour 9015::
::PUSH_UPDATE Dequeue Node 28532 Neighbour 3374::
::PUSH_UPDATE Dequeue Node 28532 Neighbour 3483::
::PUSH_UPDATE Dequeue Node 28532 Neighbour 10907::
::PUSH_UPDATE Dequeue Node 28532 Neighbour 3874::
::PUSH_UPDATE Dequeue Node 28532 Neighbour 11023::
::PUSH_UPDATE Dequeue Node 28532 Neighbour 4207::
::PUSH_UPDATE Dequeue Node 28532 Neighbour 4323::
::PUSH_UPDATE Dequeue Node 28532 Neighbour 4470::
::PUSH_UPDATE Dequeue Node 28532 Neighbour 5085::
::PUSH_UPDATE Dequeue Node 28532 Neighbour 33799::
::PUSH_UPDATE Dequeue Node 28532 Neighbour 11566::
::PUSH_UPDATE Dequeue Node 28532 Neighbour 2039::
::PUSH_UPDATE Dequeue Node 28532 Neighbour 6719::
::PUSH_UPDATE Dequeue Node 28532 Neighbour 11674::
::PUSH_UPDATE Dequeue Node 28532 Neighbour 7219::
::PUSH_UPDATE Dequeue Node 28532 Neighbour 11746::
::PUSH_UPDATE Dequeue Node 28532 Neighbour 7326::
::PUSH_UPDATE Dequeue Node 28532 Neighbour 7653::
::PUSH_UPDATE Dequeue Node 28532 Neighbour 12158::
::PUSH_UPDATE Dequeue Node 28532 Neighbour 7668::
::PUSH_UPDATE Dequeue Node 28532 Neighbour 7976::
::PUSH_UPDATE Dequeue Node 28532 Neighbour 8177::
::PUSH_UPDATE Dequeue Node 28532 Neighbour 8394::
::PUSH_UPDATE Dequeue Node 28532 Neighbour 19738::
::PUSH_UPDATE Dequeue Node 28532 Neighbour 12335::
::PUSH_UPDATE Dequeue Node 28532 Neighbour 8514::
::PUSH_UPDATE Dequeue Node 28532 Neighbour 9015::
::PUSH_UPDATE Dequeue Node 28532 Neighbour 33358::
::PUSH_UPDATE Dequeue Node 28532 Neighbour 10907::
::PUSH_UPDATE Dequeue Node 28532 Neighbour 12599::
::PUSH_UPDATE Dequeue Node 28532 Neighbour 11023::
::PUSH_UPDATE Dequeue Node 28532 Neighbour 11566::
::PUSH_UPDATE Dequeue Node 28532 Neighbour 12731::
::PUSH_UPDATE Dequeue Node 28532 Neighbour 11674::
::PUSH_UPDATE Dequeue Node 28532 Neighbour 11746::
::PUSH_UPDATE Dequeue Node 28532 Neighbour 12956::
::PUSH_UPDATE Dequeue Node 28532 Neighbour 12158::
::PUSH_UPDATE Dequeue Node 28532 Neighbour 13238::
::PUSH_UPDATE Dequeue Node 28532 Neighbour 12335::
::PUSH_UPDATE Dequeue Node 28532 Neighbour 33362::
::PUSH_UPDATE Dequeue Node 28532 Neighbour 33358::
::PUSH_UPDATE Dequeue Node 28532 Neighbour 12599::
::PUSH_UPDATE Dequeue Node 28532 Neighbour 13309::
::PUSH_UPDATE Dequeue Node 28532 Neighbour 12731::
::PUSH_UPDATE Dequeue Node 28532 Neighbour 13545::
::PUSH_UPDATE Dequeue Node 28532 Neighbour 12956::
::PUSH_UPDATE Dequeue Node 28532 Neighbour 13238::
::PUSH_UPDATE Dequeue Node 28532 Neighbour 13632::
::PUSH_UPDATE Dequeue Node 28532 Neighbour 33362::
::PUSH_UPDATE Dequeue Node 28532 Neighbour 13309::
::PUSH_UPDATE Dequeue Node 28532 Neighbour 34538::
::PUSH_UPDATE Dequeue Node 28532 Neighbour 13545::
::PUSH_UPDATE Dequeue Node 28532 Neighbour 14774::
::PUSH_UPDATE Dequeue Node 28532 Neighbour 13632::
::PUSH_UPDATE Dequeue Node 28532 Neighbour 34538::
::PUSH_UPDATE Dequeue Node 28532 Neighbour 27121::
::PUSH_UPDATE Dequeue Node 28532 Neighbour 14774::
::PUSH_UPDATE Dequeue Node 28532::
::PUSH_UPDATE Dequeue Node 28532 Neighbour 27121::
::PUSH_UPDATE Dequeue Node 28532 Neighbour 15313::
::PUSH_UPDATE Dequeue Node 28532 Neighbour 15331::
::PUSH_UPDATE Dequeue Node 28532 Neighbour 16546::
::PUSH_UPDATE Dequeue Node 28532 Neighbour 16918::
::PUSH_UPDATE Dequeue Node 28532 Neighbour 17036::
::PUSH_UPDATE Dequeue Node 28532 Neighbour 276::
::PUSH_UPDATE Dequeue Node 28532 Neighbour 17066::
::PUSH_UPDATE Dequeue Node 28532 Neighbour 17192::
::PUSH_UPDATE Dequeue Node 28532 Neighbour 468::
::PUSH_UPDATE Dequeue Node 28532 Neighbour 17515::
::PUSH_UPDATE Dequeue Node 28532 Neighbour 621::
::PUSH_UPDATE Dequeue Node 28532 Neighbour 17951::
::PUSH_UPDATE Dequeue Node 28532 Neighbour 27803::
::PUSH_UPDATE Dequeue Node 28532 Neighbour 1504::
::PUSH_UPDATE Dequeue Node 28532 Neighbour 18421::
::PUSH_UPDATE Dequeue Node 28532 Neighbour 18866::
::PUSH_UPDATE Dequeue Node 28532 Neighbour 31217::
::PUSH_UPDATE Dequeue Node 28532 Neighbour 19079::
::PUSH_UPDATE Dequeue Node 28532 Neighbour 1762::
::PUSH_UPDATE Dequeue Node 28532 Neighbour 6023::
::PUSH_UPDATE Dequeue Node 28532 Neighbour 1923::
::PUSH_UPDATE Dequeue Node 28532 Neighbour 19351::
::PUSH_UPDATE Dequeue Node 28532 Neighbour 2169::
::PUSH_UPDATE Dequeue Node 28532 Neighbour 26497::
::PUSH_UPDATE Dequeue Node 28532 Neighbour 13872::
::PUSH_UPDATE Dequeue Node 28532 Neighbour 3052::
::PUSH_UPDATE Dequeue Node 28532 Neighbour 20780::
::PUSH_UPDATE Dequeue Node 28532 Neighbour 3237::
::PUSH_UPDATE Dequeue Node 28532 Neighbour 20849::
::PUSH_UPDATE Dequeue Node 28532 Neighbour 3374::
::PUSH_UPDATE Dequeue Node 28532 Neighbour 15762::
::PUSH_UPDATE Dequeue Node 28532 Neighbour 3483::
::PUSH_UPDATE Dequeue Node 28532 Neighbour 21566::
::PUSH_UPDATE Dequeue Node 28532 Neighbour 3874::
::PUSH_UPDATE Dequeue Node 28532 Neighbour 21578::
::PUSH_UPDATE Dequeue Node 28532 Neighbour 4207::
::PUSH_UPDATE Dequeue Node 28532 Neighbour 22007::
::PUSH_UPDATE Dequeue Node 28532 Neighbour 4323::
::PUSH_UPDATE Dequeue Node 28532 Neighbour 1464::
::PUSH_UPDATE Dequeue Node 28532 Neighbour 4470::
::PUSH_UPDATE Dequeue Node 28532 Neighbour 22255::
::PUSH_UPDATE Dequeue Node 28532 Neighbour 5085::
::PUSH_UPDATE Dequeue Node 28532 Neighbour 22325::
::PUSH_UPDATE Dequeue Node 28532 Neighbour 33799::
::PUSH_UPDATE Dequeue Node 28532 Neighbour 22449::
::PUSH_UPDATE Dequeue Node 28532 Neighbour 2039::
::PUSH_UPDATE Dequeue Node 28532 Neighbour 23088::
::PUSH_UPDATE Dequeue Node 28532 Neighbour 23436::
::PUSH_UPDATE Dequeue Node 28532 Neighbour 23589::
::PUSH_UPDATE Dequeue Node 28532 Neighbour 24131::
::PUSH_UPDATE Dequeue Node 28532 Neighbour 28708::
::PUSH_UPDATE Dequeue Node 28532 Neighbour 24985::
::PUSH_UPDATE Dequeue Node 28532 Neighbour 6719::
::PUSH_UPDATE Dequeue Node 28532 Neighbour 25242::
::PUSH_UPDATE Dequeue Node 28532 Neighbour 7219::
::PUSH_UPDATE Dequeue Node 28532 Neighbour 25249::
::PUSH_UPDATE Dequeue Node 28532 Neighbour 7326::
::PUSH_UPDATE Dequeue Node 28532 Neighbour 13102::
::PUSH_UPDATE Dequeue Node 28532 Neighbour 7653::
::PUSH_UPDATE Dequeue Node 28532 Neighbour 28261::
::PUSH_UPDATE Dequeue Node 28532 Neighbour 7668::
::PUSH_UPDATE Dequeue Node 28532 Neighbour 28410::
::PUSH_UPDATE Dequeue Node 28532 Neighbour 7976::
::PUSH_UPDATE Dequeue Node 28532 Neighbour 34114::
::PUSH_UPDATE Dequeue Node 28532 Neighbour 8177::
::PUSH_UPDATE Dequeue Node 28532 Neighbour 31659::
::PUSH_UPDATE Dequeue Node 28532 Neighbour 8394::
::PUSH_UPDATE Dequeue Node 28532 Neighbour 19738::
::PUSH_UPDATE Dequeue Node 28532 Neighbour 8514::
::PUSH_UPDATE Dequeue Node 28532 Neighbour 33029::
::PUSH_UPDATE Dequeue Node 28532 Neighbour 31518::
::PUSH_UPDATE Dequeue Node 28532 Neighbour 9015::
::PUSH_UPDATE Dequeue Node 28532 Neighbour 30594::
::PUSH_UPDATE Dequeue Node 28532 Neighbour 10907::
::PUSH_UPDATE Dequeue Node 28532 Neighbour 43::
::PUSH_UPDATE Dequeue Node 28532 Neighbour 11023::
::PUSH_UPDATE Dequeue Node 28532 Neighbour 29052::
::PUSH_UPDATE Dequeue Node 28532 Neighbour 11566::
::PUSH_UPDATE Dequeue Node 28532 Neighbour 31843::
::PUSH_UPDATE Dequeue Node 3886::
::PUSH_UPDATE Dequeue Node 28532 Neighbour 23506::
::PUSH_UPDATE Dequeue Node 28532 Neighbour 16959::
::PUSH_UPDATE Dequeue Node 28532 Neighbour 30002::
::PUSH_UPDATE Dequeue Node 28532 Neighbour 34385::
::PUSH_UPDATE Dequeue Node 28532 Neighbour 37421::
::PUSH_UPDATE Dequeue Node 28532 Neighbour 32060::
::PUSH_UPDATE Dequeue Node 28532 Neighbour 36183::
::PUSH_UPDATE Dequeue Node 28532 Neighbour 30176::
::PUSH_UPDATE Dequeue Node 28532 Neighbour 35677::
::PUSH_UPDATE Dequeue Node 28532 Neighbour 32844::
::PUSH_UPDATE Dequeue Node 3886 Neighbour 16718::
::PUSH_UPDATE Dequeue Node 28532 Neighbour 29312::
::PUSH_UPDATE Dequeue Node 3886 Neighbour 7105::
::PUSH_UPDATE Dequeue Node 28532 Neighbour 29893::
::PUSH_UPDATE Dequeue Node 3886 Neighbour 7074::
::PUSH_UPDATE Dequeue Node 28532 Neighbour 29131::
::PUSH_UPDATE Dequeue Node 3886 Neighbour 7211::
::PUSH_UPDATE Dequeue Node 28532 Neighbour 30219::
::PUSH_UPDATE Dequeue Node 28532 Neighbour 35258::
::PUSH_UPDATE Dequeue Node 3886 Neighbour 29879::
::PUSH_UPDATE Dequeue Node 28532 Neighbour 5506::
::PUSH_UPDATE Dequeue Node 3886 Neighbour 5629::
::PUSH_UPDATE Dequeue Node 28532 Neighbour 30303::
::PUSH_UPDATE Dequeue Node 3886 Neighbour 29623::
::PUSH_UPDATE Dequeue Node 28532 Neighbour 8651::
::PUSH_UPDATE Dequeue Node 3886 Neighbour 27062::
::PUSH_UPDATE Dequeue Node 28532 Neighbour 30403::
::PUSH_UPDATE Dequeue Node 3886 Neighbour 22849::
::PUSH_UPDATE Dequeue Node 28532 Neighbour 36723::
::PUSH_UPDATE Dequeue Node 3886::
::PUSH_UPDATE Dequeue Node 3886 Neighbour 12661::
::PUSH_UPDATE Dequeue Node 3886 Neighbour 16718::
::PUSH_UPDATE Dequeue Node 3886 Neighbour 33973::
::PUSH_UPDATE Dequeue Node 3886 Neighbour 7105::
::PUSH_UPDATE Dequeue Node 3886 Neighbour 5187::
::PUSH_UPDATE Dequeue Node 3886 Neighbour 7074::
::PUSH_UPDATE Dequeue Node 3886 Neighbour 33128::
::PUSH_UPDATE Dequeue Node 3886 Neighbour 7211::
::PUSH_UPDATE Dequeue Node 3886 Neighbour 26138::
::PUSH_UPDATE Dequeue Node 3886 Neighbour 29879::
::PUSH_UPDATE Dequeue Node 3886 Neighbour 35773::
::PUSH_UPDATE Dequeue Node 3886 Neighbour 5629::
::PUSH_UPDATE Dequeue Node 3886 Neighbour 11496::
::PUSH_UPDATE Dequeue Node 3886 Neighbour 29623::
::PUSH_UPDATE Dequeue Node 3886 Neighbour 5314::
::PUSH_UPDATE Dequeue Node 3886 Neighbour 27062::
::PUSH_UPDATE Dequeue Node 3886 Neighbour 33398::
::PUSH_UPDATE Dequeue Node 3886 Neighbour 22849::
::PUSH_UPDATE Dequeue Node 3886 Neighbour 24563::
::PUSH_UPDATE Dequeue Node 3886 Neighbour 12661::
::PUSH_UPDATE Dequeue Node 3886 Neighbour 36772::
::PUSH_UPDATE Dequeue Node 3886 Neighbour 33973::
::PUSH_UPDATE Dequeue Node 3886::
::PUSH_UPDATE Dequeue Node 3886 Neighbour 5187::
::PUSH_UPDATE Dequeue Node 3886 Neighbour 16718::
::PUSH_UPDATE Dequeue Node 3886 Neighbour 33128::
::PUSH_UPDATE Dequeue Node 3886 Neighbour 7105::
::PUSH_UPDATE Dequeue Node 3886 Neighbour 26138::
::PUSH_UPDATE Dequeue Node 3886 Neighbour 7074::
::PUSH_UPDATE Dequeue Node 3886 Neighbour 35773::
::PUSH_UPDATE Dequeue Node 3886 Neighbour 11496::
::PUSH_UPDATE Dequeue Node 3886 Neighbour 7211::
::PUSH_UPDATE Dequeue Node 3886 Neighbour 5314::
::PUSH_UPDATE Dequeue Node 3886 Neighbour 29879::
::PUSH_UPDATE Dequeue Node 3886 Neighbour 33398::
::PUSH_UPDATE Dequeue Node 3886 Neighbour 5629::
::PUSH_UPDATE Dequeue Node 3886 Neighbour 24563::
::PUSH_UPDATE Dequeue Node 3886 Neighbour 29623::
::PUSH_UPDATE Dequeue Node 3886 Neighbour 36772::
::PUSH_UPDATE Dequeue Node 3886::
::PUSH_UPDATE Dequeue Node 3886 Neighbour 27062::
::PUSH_UPDATE Dequeue Node 3886 Neighbour 16718::
::PUSH_UPDATE Dequeue Node 3886 Neighbour 22849::
::PUSH_UPDATE Dequeue Node 3886 Neighbour 7105::
::PUSH_UPDATE Dequeue Node 3886 Neighbour 7074::
::PUSH_UPDATE Dequeue Node 3886 Neighbour 12661::
::PUSH_UPDATE Dequeue Node 3886 Neighbour 7211::
::PUSH_UPDATE Dequeue Node 3886 Neighbour 33973::
::PUSH_UPDATE Dequeue Node 3886 Neighbour 29879::
::PUSH_UPDATE Dequeue Node 3886 Neighbour 5629::
::PUSH_UPDATE Dequeue Node 3886 Neighbour 5187::
::PUSH_UPDATE Dequeue Node 3886 Neighbour 29623::
::PUSH_UPDATE Dequeue Node 3886 Neighbour 33128::
::PUSH_UPDATE Dequeue Node 3886 Neighbour 26138::
::PUSH_UPDATE Dequeue Node 3886 Neighbour 35773::
::PUSH_UPDATE Dequeue Node 3886 Neighbour 11496::
::PUSH_UPDATE Dequeue Node 3886 Neighbour 5314::
::PUSH_UPDATE Dequeue Node 3886 Neighbour 33398::
::PUSH_UPDATE Dequeue Node 3886 Neighbour 24563::
::PUSH_UPDATE Dequeue Node 3886 Neighbour 36772::
::USER_SIMULATOR Random Node 25834::
::USER_SIMULATOR Node Degree 3::
::USER_SIMULATOR Actions Generated: 1::
::PUSH_UPDATE Dequeue Node 25834::
::PUSH_UPDATE Dequeue Node 25834::
::PUSH_UPDATE Dequeue Node 25834::
::PUSH_UPDATE Dequeue Node 25834 Neighbour 7956::
::PUSH_UPDATE Dequeue Node 25834 Neighbour 33247::
::PUSH_UPDATE Dequeue Node 25834 Neighbour 31441::
::PUSH_UPDATE Dequeue Node 25834 Neighbour 7956::
::PUSH_UPDATE Dequeue Node 25834 Neighbour 33247::
::PUSH_UPDATE Dequeue Node 25834 Neighbour 31441::
::PUSH_UPDATE Dequeue Node 25834 Neighbour 7956::
::PUSH_UPDATE Dequeue Node 25834 Neighbour 33247::
::PUSH_UPDATE Dequeue Node 25834 Neighbour 31441::
::USER_SIMULATOR Random Node 2767::
::USER_SIMULATOR Node Degree 22::
::USER_SIMULATOR Actions Generated: 4::
::PUSH_UPDATE Dequeue Node 2767::
::PUSH_UPDATE Dequeue Node 2767::
::PUSH_UPDATE Dequeue Node 2767::
::PUSH_UPDATE Dequeue Node 2767 Neighbour 27803::
::PUSH_UPDATE Dequeue Node 2767 Neighbour 27803::
::PUSH_UPDATE Dequeue Node 2767 Neighbour 2701::
::PUSH_UPDATE Dequeue Node 2767 Neighbour 2701::
::PUSH_UPDATE Dequeue Node 2767 Neighbour 27803::
::PUSH_UPDATE Dequeue Node 2767 Neighbour 2701::
::PUSH_UPDATE Dequeue Node 2767 Neighbour 35773::
::PUSH_UPDATE Dequeue Node 2767 Neighbour 35773::
::PUSH_UPDATE Dequeue Node 2767 Neighbour 35773::
::PUSH_UPDATE Dequeue Node 2767 Neighbour 7211::
::PUSH_UPDATE Dequeue Node 2767 Neighbour 7211::
::PUSH_UPDATE Dequeue Node 2767 Neighbour 7211::
::PUSH_UPDATE Dequeue Node 2767 Neighbour 29973::
::PUSH_UPDATE Dequeue Node 2767 Neighbour 29973::
::PUSH_UPDATE Dequeue Node 2767 Neighbour 35552::
::PUSH_UPDATE Dequeue Node 2767 Neighbour 29973::
::PUSH_UPDATE Dequeue Node 2767 Neighbour 18833::
::PUSH_UPDATE Dequeue Node 2767 Neighbour 35552::
::PUSH_UPDATE Dequeue Node 2767 Neighbour 35552::
::PUSH_UPDATE Dequeue Node 2767 Neighbour 21485::
::PUSH_UPDATE Dequeue Node 2767 Neighbour 18833::
::PUSH_UPDATE Dequeue Node 2767 Neighbour 21485::
::PUSH_UPDATE Dequeue Node 2767 Neighbour 32451::
::PUSH_UPDATE Dequeue Node 2767 Neighbour 18833::
::PUSH_UPDATE Dequeue Node 2767 Neighbour 32451::
::PUSH_UPDATE Dequeue Node 2767 Neighbour 31890::
::PUSH_UPDATE Dequeue Node 2767 Neighbour 31890::
::PUSH_UPDATE Dequeue Node 2767 Neighbour 21485::
::PUSH_UPDATE Dequeue Node 2767 Neighbour 13204::
::PUSH_UPDATE Dequeue Node 2767 Neighbour 32451::
::PUSH_UPDATE Dequeue Node 2767 Neighbour 13204::
::PUSH_UPDATE Dequeue Node 2767 Neighbour 31890::
::PUSH_UPDATE Dequeue Node 2767 Neighbour 34606::
::PUSH_UPDATE Dequeue Node 2767 Neighbour 13204::
::PUSH_UPDATE Dequeue Node 2767 Neighbour 34606::
::PUSH_UPDATE Dequeue Node 2767 Neighbour 34606::
::PUSH_UPDATE Dequeue Node 2767 Neighbour 35589::
::PUSH_UPDATE Dequeue Node 2767 Neighbour 35589::
::PUSH_UPDATE Dequeue Node 2767 Neighbour 35589::
::PUSH_UPDATE Dequeue Node 2767 Neighbour 22734::
::PUSH_UPDATE Dequeue Node 2767 Neighbour 22734::
::PUSH_UPDATE Dequeue Node 2767 Neighbour 36837::
::PUSH_UPDATE Dequeue Node 2767 Neighbour 36837::
::PUSH_UPDATE Dequeue Node 2767 Neighbour 19061::
::PUSH_UPDATE Dequeue Node 2767 Neighbour 19061::
::PUSH_UPDATE Dequeue Node 2767 Neighbour 10080::
::PUSH_UPDATE Dequeue Node 2767 Neighbour 10080::
::PUSH_UPDATE Dequeue Node 2767 Neighbour 36652::
::PUSH_UPDATE Dequeue Node 2767 Neighbour 36652::
::PUSH_UPDATE Dequeue Node 2767 Neighbour 19491::
::PUSH_UPDATE Dequeue Node 2767 Neighbour 19491::
::PUSH_UPDATE Dequeue Node 2767 Neighbour 18163::
::PUSH_UPDATE Dequeue Node 2767 Neighbour 18163::
::PUSH_UPDATE Dequeue Node 2767 Neighbour 35008::
::PUSH_UPDATE Dequeue Node 2767 Neighbour 35008::
::PUSH_UPDATE Dequeue Node 2767 Neighbour 33078::
::PUSH_UPDATE Dequeue Nod